1450986694 '{"result":"♡"}'
1450986694 '{"result":"♡"}'
1450986694 '{"result":"♡"}'
1450986694 '{"result":"♡"}'
1450986695 '{"result":"♡"}'
1450986695 '{"result":"♡"}'
1450986695 '{"result":"♡"}'
1450986695 '{"result":"♡"}'
1450986695 '{"result":"♡"}'
1450986695 '{"result":"♡"}'
1450986695 '{"result":"♡"}'
1450986695 '{"result":"♡"}'
1450986695 '{"result":"♡"}'
1450986695 '{"result":"♡"}'
1450986695 '{"result":"♡"}'
1450986695 '{"result":"♡"}'
1450986695 '{"result":"♡"}'
1450986695 '{"result":"♡"}'
1450986695 '{"result":"♡"}'
1450986695 '{"result":"♡"}'
1450986695 '{"result":"♡"}'
1450986695 '{"result":"♡"}'
1450986695 '{"result":"♡"}'
1450986696 '{"result":"♡"}'
1450986696 '{"result":"♡"}'
1450986696 '{"result":"♡"}'
1450986696 '{"result":"♡"}'
1450986698 '{"result":"♡"}'
1450986698 '{"result":"♡"}'
1450986697 '{"result":"♡"}'
1450986699 '{"result":"♡"}'
1450986699 '{"result":"♡"}'
1450986700 '{"result":"♡"}'
1450986700 '{"result":"♡"}'
1450986700 '{"result":"♡"}'
1450986700 '{"result":"♡"}'
1450986700 '{"result":"♡"}'
1450986700 '{"result":"♡"}'
1450986700 '{"result":"♡"}'
1450986700 '{"result":"♡"}'
1450986700 '{"result":"♡"}'
1450986700 '{"result":"♡"}'
1450986700 '{"result":"♡"}'
1450986701 '{"result":"♡"}'
1450986700 '{"result":"♡"}'
1450986701 '{"result":"♡"}'
1450986701 '{"result":"♡"}'
1450986701 '{"result":"♡"}'
1450986702 '{"result":"♡"}'
1450986702 '{"result":"♡"}'
1450986702 '{"result":"♡"}'
1450986702 '{"result":"♡"}'
1450986703 '{"result":"♡"}'
1450986703 '{"result":"♡"}'
1450986703 '{"result":"♡"}'
1450986703 '{"result":"♡"}'
1450986703 '{"result":"♡"}'
1450986703 '{"result":"♡"}'
1450986703 '{"result":"♡"}'
1450986703 '{"result":"♡"}'
1450986703 '{"result":"♡"}'
1450986703 '{"result":"♡"}'
1450986703 '{"result":"♡"}'
1450986703 '{"result":"♡"}'
1450986704 '{"result":"♡"}'
1450986704 '{"result":"♡"}'
1450986704 '{"result":"♡"}'
1450986704 '{"result":"♡"}'
1450986704 '{"result":"♡"}'
1450986704 '{"result":"♡"}'
1450986704 '{"result":"♡"}'
1450986704 '{"result":"♡"}'
1450986706 '{"result":"♡"}'
1450986706 '{"result":"♡"}'
1450986705 '{"result":"♡"}'
1450986705 '{"result":"♡"}'
1450986706 '{"result":"♡"}'
1450986706 '{"result":"♡"}'
1450986707 '{"result":"♡"}'
1450986707 '{"result":"♡"}'
1450986707 '{"result":"♡"}'
1450986707 '{"result":"♡"}'
1450986707 '{"result":"♡"}'
1450986707 '{"result":"♡"}'
1450986707 '{"result":"♡"}'
1450986707 '{"result":"♡"}'
1450986707 '{"result":"♡"}'
1450986707 '{"result":"♡"}'
1450986707 '{"result":"♡"}'
1450986707 '{"result":"♡"}'
1450986707 '{"result":"♡"}'
1450986708 '{"result":"♡"}'
1450986708 '{"result":"♡"}'
1450986708 '{"result":"♡"}'
1450986708 '{"result":"♡"}'
1450986708 '{"result":"♡"}'
1450986709 '{"result":"♡"}'
1450986708 '{"result":"♡"}'
1450986708 '{"result":"♡"}'
1450986709 '{"result":"♡"}'
1450986709 '{"result":"♡"}'
1450986710 '{"result":"♡"}'
1450986710 '{"result":"♡"}'
1450986710 '{"result":"♡"}'
1450986710 '{"result":"♡"}'
1450986711 '{"result":"♡"}'
1450986711 '{"result":"♡"}'
1450986711 '{"result":"♡"}'
1450986711 '{"result":"♡"}'
1450986711 '{"result":"♡"}'
1450986712 '{"result":"♡"}'
1450986712 '{"result":"♡"}'
1450986712 '{"result":"♡"}'
1450986711 '{"result":"♡"}'
1450986712 '{"result":"♡"}'
1450986712 '{"result":"♡"}'
1450986712 '{"result":"♡"}'
1450986713 '{"result":"♡"}'
1450986713 '{"result":"♡"}'
1450986713 '{"result":"♡"}'
1450986713 '{"result":"♡"}'
1450986712 '{"result":"♡"}'
1450986713 '{"result":"♡"}'
1450986713 '{"result":"♡"}'
1450986712 '{"result":"♡"}'
1450986714 '{"result":"♡"}'
1450986714 '{"result":"♡"}'
1450986713 '{"result":"♡"}'
1450986714 '{"result":"♡"}'
1450986714 '{"result":"♡"}'
1450986714 '{"result":"♡"}'
1450986715 '{"result":"♡"}'
1450986715 '{"result":"♡"}'
1450986715 '{"result":"♡"}'
1450986715 '{"result":"♡"}'
1450986715 '{"result":"♡"}'
1450986716 '{"result":"♡"}'
1450986716 '{"result":"♡"}'
1450986716 '{"result":"♡"}'
1450986716 '{"result":"♡"}'
1450986716 '{"result":"♡"}'
1450986716 '{"result":"♡"}'
1450986716 '{"result":"♡"}'
1450986716 '{"result":"♡"}'
1450986716 '{"result":"♡"}'
1450986716 '{"result":"♡"}'
1450986716 '{"result":"♡"}'
1450986717 '{"result":"♡"}'
1450986717 '{"result":"♡"}'
1450986716 '{"result":"♡"}'
1450986717 '{"result":"♡"}'
1450986718 '{"result":"♡"}'
1450986718 '{"result":"♡"}'
1450986718 '{"result":"♡"}'
1450986718 '{"result":"♡"}'
1450986719 '{"result":"♡"}'
1450986719 '{"result":"♡"}'
1450986719 '{"result":"♡"}'
1450986719 '{"result":"♡"}'
1450986719 '{"result":"♡"}'
1450986719 '{"result":"♡"}'
1450986719 '{"result":"♡"}'
1450986719 '{"result":"♡"}'
1450986719 '{"result":"♡"}'
1450986719 '{"result":"♡"}'
1450986719 '{"result":"♡"}'
1450986719 '{"result":"♡"}'
1450986719 '{"result":"♡"}'
1450986719 '{"result":"♡"}'
1450986719 '{"result":"♡"}'
1450986719 '{"result":"♡"}'
1450986719 '{"result":"♡"}'
1450986719 '{"result":"♡"}'
1450986719 '{"result":"♡"}'
1450986719 '{"result":"♡"}'
1450986719 '{"result":"♡"}'
1450986719 '{"result":"♡"}'
1450986719 '{"result":"♡"}'
1450986719 '{"result":"♡"}'
1450986719 '{"result":"♡"}'
1450986719 '{"result":"♡"}'
1450986719 '{"result":"♡"}'
1450986719 '{"result":"♡"}'
1450986719 '{"result":"♡"}'
1450986719 '{"result":"♡"}'
1450986719 '{"result":"♡"}'
1450986719 '{"result":"♡"}'
1450986719 '{"result":"♡"}'
1450986719 '{"result":"♡"}'
1450986719 '{"result":"♡"}'
1450986719 '{"result":"♡"}'
1450986719 '{"result":"♡"}'
1450986719 '{"result":"♡"}'
1450986719 '{"result":"♡"}'
1450986719 '{"result":"♡"}'
1450986719 '{"result":"♡"}'
1450986719 '{"result":"♡"}'
1450986719 '{"result":"♡"}'
1450986719 '{"result":"♡"}'
1450986719 '{"result":"♡"}'
1450986719 '{"result":"♡"}'
1450986719 '{"result":"♡"}'
1450986719 '{"result":"♡"}'
1450986719 '{"result":"♡"}'
1450986719 '{"result":"♡"}'
1450986719 '{"result":"♡"}'
1450986719 '{"result":"♡"}'
1450986719 '{"result":"♡"}'
1450986719 '{"result":"♡"}'
1450986719 '{"result":"♡"}'
1450986719 '{"result":"♡"}'
1450986719 '{"result":"♡"}'
1450986719 '{"result":"♡"}'
1450986719 '{"result":"♡"}'
1450986719 '{"result":"♡"}'
1450986719 '{"result":"♡"}'
1450986719 '{"result":"♡"}'
1450986719 '{"result":"♡"}'
1450986719 '{"result":"♡"}'
1450986720 '{"result":"♡"}'
1450986720 '{"result":"♡"}'
1450986720 '{"result":"♡"}'
1450986720 '{"result":"♡"}'
1450986720 '{"result":"♡"}'
1450986720 '{"result":"♡"}'
1450986720 '{"result":"♡"}'
1450986720 '{"result":"♡"}'
1450986720 '{"result":"♡"}'
1450986720 '{"result":"♡"}'
1450986720 '{"result":"♡"}'
1450986720 '{"result":"♡"}'
1450986720 '{"result":"♡"}'
1450986720 '{"result":"♡"}'
1450986720 '{"result":"♡"}'
1450986720 '{"result":"♡"}'
1450986720 '{"result":"♡"}'
1450986720 '{"result":"♡"}'
1450986720 '{"result":"♡"}'
1450986720 '{"result":"♡"}'
1450986720 '{"result":"♡"}'
1450986720 '{"result":"♡"}'
1450986719 '{"result":"♡"}'
1450986720 '{"result":"♡"}'
1450986720 '{"result":"♡"}'
1450986723 '{"result":"♡"}'
1450986723 '{"result":"♡"}'
1450986731 '{"result":"♡"}'
1450986727 '{"result":"♡"}'
1450986731 '{"result":"♡"}'
1450986732 '{"result":"♡"}'
1450986732 '{"result":"♡"}'
1450986732 '{"result":"♡"}'
1450986732 '{"result":"♡"}'
1450986732 '{"result":"♡"}'
1450986733 '{"result":"♡"}'
1450986733 '{"result":"♡"}'
1450986733 '{"result":"♡"}'
1450986733 '{"result":"♡"}'
1450986733 '{"result":"♡"}'
1450986733 '{"result":"♡"}'
1450986733 '{"result":"♡"}'
1450986733 '{"result":"♡"}'
1450986733 '{"result":"♡"}'
1450986733 '{"result":"♡"}'
1450986734 '{"result":"♡"}'
1450986734 '{"result":"♡"}'
1450986734 '{"result":"♡"}'
1450986734 '{"result":"♡"}'
1450986734 '{"result":"♡"}'
1450986734 '{"result":"♡"}'
1450986734 '{"result":"♡"}'
1450986734 '{"result":"♡"}'
1450986734 '{"result":"♡"}'
1450986734 '{"result":"♡"}'
1450986734 '{"result":"♡"}'
1450986733 '{"result":"♡"}'
1450986734 '{"result":"♡"}'
1450986734 '{"result":"♡"}'
1450986735 '{"result":"♡"}'
1450986735 '{"result":"♡"}'
1450986734 '{"result":"♡"}'
1450986734 '{"result":"♡"}'
1450986735 '{"result":"♡"}'
1450986735 '{"result":"♡"}'
1450986735 '{"result":"♡"}'
1450986735 '{"result":"♡"}'
1450986736 '{"result":"♡"}'
1450986737 '{"result":"♡"}'
1450986737 '{"result":"♡"}'
1450986737 '{"result":"♡"}'
1450986738 '{"result":"♡"}'
1450986737 '{"result":"♡"}'
1450986738 '{"result":"♡"}'
1450986738 '{"result":"♡"}'
1450986738 '{"result":"♡"}'
1450986737 '{"result":"♡"}'
1450986738 '{"result":"♡"}'
1450986738 '{"result":"♡"}'
1450986738 '{"result":"♡"}'
1450986738 '{"result":"♡"}'
1450986738 '{"result":"♡"}'
1450986739 '{"result":"♡"}'
1450986739 '{"result":"♡"}'
1450986739 '{"result":"♡"}'
1450986739 '{"result":"♡"}'
1450986739 '{"result":"♡"}'
1450986739 '{"result":"♡"}'
1450986739 '{"result":"♡"}'
1450986740 '{"result":"♡"}'
1450986740 '{"result":"♡"}'
1450986740 '{"result":"♡"}'
1450986740 '{"result":"♡"}'
1450986740 '{"result":"♡"}'
1450986740 '{"result":"♡"}'
1450986740 '{"result":"♡"}'
1450986740 '{"result":"♡"}'
1450986740 '{"result":"♡"}'
1450986740 '{"result":"♡"}'
1450986741 '{"result":"♡"}'
1450986740 '{"result":"♡"}'
1450986741 '{"result":"♡"}'
1450986741 '{"result":"♡"}'
1450986741 '{"result":"♡"}'
1450986741 '{"result":"♡"}'
1450986742 '{"result":"♡"}'
1450986742 '{"result":"♡"}'
1450986742 '{"result":"♡"}'
1450986742 '{"result":"♡"}'
1450986743 '{"result":"♡"}'
1450986742 '{"result":"♡"}'
1450986743 '{"result":"♡"}'
1450986743 '{"result":"♡"}'
1450986744 '{"result":"♡"}'
1450986743 '{"result":"♡"}'
1450986744 '{"result":"♡"}'
1450986744 '{"result":"♡"}'
1450986744 '{"result":"♡"}'
1450986744 '{"result":"♡"}'
1450986744 '{"result":"♡"}'
1450986744 '{"result":"♡"}'
1450986743 '{"result":"♡"}'
1450986745 '{"result":"♡"}'
1450986745 '{"result":"♡"}'
1450986744 '{"result":"♡"}'
1450986744 '{"result":"♡"}'
1450986745 '{"result":"♡"}'
1450986745 '{"result":"♡"}'
1450986745 '{"result":"♡"}'
1450986746 '{"result":"♡"}'
1450986746 '{"result":"♡"}'
1450986746 '{"result":"♡"}'
1450986746 '{"result":"♡"}'
1450986746 '{"result":"♡"}'
1450986746 '{"result":"♡"}'
1450986747 '{"result":"♡"}'
1450986747 '{"result":"♡"}'
1450986747 '{"result":"♡"}'
1450986747 '{"result":"♡"}'
1450986747 '{"result":"♡"}'
1450986747 '{"result":"♡"}'
1450986747 '{"result":"♡"}'
1450986747 '{"result":"♡"}'
1450986747 '{"result":"♡"}'
1450986746 '{"result":"♡"}'
1450986747 '{"result":"♡"}'
1450986747 '{"result":"♡"}'
1450986748 '{"result":"♡"}'
1450986747 '{"result":"♡"}'
1450986748 '{"result":"♡"}'
1450986749 '{"result":"♡"}'
1450986749 '{"result":"♡"}'
1450986749 '{"result":"♡"}'
1450986749 '{"result":"♡"}'
1450986749 '{"result":"♡"}'
1450986749 '{"result":"♡"}'
1450986748 '{"result":"♡"}'
1450986749 '{"result":"♡"}'
1450986749 '{"result":"♡"}'
1450986749 '{"result":"♡"}'
1450986749 '{"result":"♡"}'
1450986749 '{"result":"♡"}'
1450986748 '{"result":"♡"}'
1450986751 '{"result":"♡"}'
1450986750 '{"result":"♡"}'
1450986750 '{"result":"♡"}'
1450986751 '{"result":"♡"}'
1450986751 '{"result":"♡"}'
1450986751 '{"result":"♡"}'
1450986751 '{"result":"♡"}'
1450986751 '{"result":"♡"}'
1450986751 '{"result":"♡"}'
1450986749 '{"result":"♡"}'
1450986752 '{"result":"♡"}'
1450986752 '{"result":"♡"}'
1450986752 '{"result":"♡"}'
1450986752 '{"result":"♡"}'
1450986752 '{"result":"♡"}'
1450986752 '{"result":"♡"}'
1450986752 '{"result":"♡"}'
1450986752 '{"result":"♡"}'
1450986752 '{"result":"♡"}'
1450986753 '{"result":"♡"}'
1450986753 '{"result":"♡"}'
1450986753 '{"result":"♡"}'
1450986753 '{"result":"♡"}'
1450986753 '{"result":"♡"}'
1450986753 '{"result":"♡"}'
1450986753 '{"result":"♡"}'
1450986753 '{"result":"♡"}'
1450986754 '{"result":"♡"}'
1450986754 '{"result":"♡"}'
1450986754 '{"result":"♡"}'
1450986754 '{"result":"♡"}'
1450986754 '{"result":"♡"}'
1450986754 '{"result":"♡"}'
1450986754 '{"result":"♡"}'
1450986754 '{"result":"♡"}'
1450986754 '{"result":"♡"}'
1450986753 '{"result":"♡"}'
1450986754 '{"result":"♡"}'
1450986755 '{"result":"♡"}'
1450986755 '{"result":"♡"}'
1450986755 '{"result":"♡"}'
1450986755 '{"result":"♡"}'
1450986755 '{"result":"♡"}'
1450986755 '{"result":"♡"}'
1450986755 '{"result":"♡"}'
1450986755 '{"result":"♡"}'
1450986756 '{"result":"♡"}'
1450986756 '{"result":"♡"}'
1450986756 '{"result":"♡"}'
1450986757 '{"result":"♡"}'
1450986757 '{"result":"♡"}'
1450986758 '{"result":"♡"}'
1450986758 '{"result":"♡"}'
1450986758 '{"result":"♡"}'
1450986758 '{"result":"♡"}'
1450986758 '{"result":"♡"}'
1450986759 '{"result":"♡"}'
1450986759 '{"result":"♡"}'
1450986759 '{"result":"♡"}'
1450986759 '{"result":"♡"}'
1450986759 '{"result":"♡"}'
1450986759 '{"result":"♡"}'
1450986759 '{"result":"♡"}'
1450986759 '{"result":"♡"}'
1450986759 '{"result":"♡"}'
1450986759 '{"result":"♡"}'
1450986759 '{"result":"♡"}'
1450986759 '{"result":"♡"}'
1450986759 '{"result":"♡"}'
1450986759 '{"result":"♡"}'
1450986759 '{"result":"♡"}'
1450986759 '{"result":"♡"}'
1450986759 '{"result":"♡"}'
1450986759 '{"result":"♡"}'
1450986759 '{"result":"♡"}'
1450986759 '{"result":"♡"}'
1450986759 '{"result":"♡"}'
1450986759 '{"result":"♡"}'
1450986759 '{"result":"♡"}'
1450986759 '{"result":"♡"}'
1450986759 '{"result":"♡"}'
1450986760 '{"result":"♡"}'
1450986762 '{"result":"♡"}'
1450986762 '{"result":"♡"}'
1450986761 '{"result":"♡"}'
1450986762 '{"result":"♡"}'
1450986762 '{"result":"♡"}'
1450986762 '{"result":"♡"}'
1450986762 '{"result":"♡"}'
1450986761 '{"result":"♡"}'
1450986762 '{"result":"♡"}'
1450986763 '{"result":"♡"}'
1450986763 '{"result":"♡"}'
1450986763 '{"result":"♡"}'
1450986762 '{"result":"♡"}'
1450986764 '{"result":"♡"}'
1450986759 '{"result":"♡"}'
1450986764 '{"result":"♡"}'
1450986763 '{"result":"♡"}'
1450986759 '{"result":"♡"}'
1450986764 '{"result":"♡"}'
1450986764 '{"result":"♡"}'
1450986764 '{"result":"♡"}'
1450986763 '{"result":"♡"}'
1450986759 '{"result":"♡"}'
1450986759 '{"result":"♡"}'
1450986763 '{"result":"♡"}'
1450986765 '{"result":"♡"}'
1450986765 '{"result":"♡"}'
1450986765 '{"result":"♡"}'
1450986765 '{"result":"♡"}'
1450986766 '{"result":"♡"}'
1450986766 '{"result":"♡"}'
1450986766 '{"result":"♡"}'
1450986766 '{"result":"♡"}'
1450986766 '{"result":"♡"}'
1450986766 '{"result":"♡"}'
1450986767 '{"result":"♡"}'
1450986767 '{"result":"♡"}'
1450986767 '{"result":"♡"}'
1450986767 '{"result":"♡"}'
1450986768 '{"result":"♡"}'
1450986768 '{"result":"♡"}'
1450986768 '{"result":"♡"}'
1450986767 '{"result":"♡"}'
1450986767 '{"result":"♡"}'
1450986768 '{"result":"♡"}'
1450986768 '{"result":"♡"}'
1450986768 '{"result":"♡"}'
1450986768 '{"result":"♡"}'
1450986769 '{"result":"♡"}'
1450986769 '{"result":"♡"}'
1450986769 '{"result":"♡"}'
1450986769 '{"result":"♡"}'
1450986769 '{"result":"♡"}'
1450986769 '{"result":"♡"}'
1450986768 '{"result":"♡"}'
1450986768 '{"result":"♡"}'
1450986769 '{"result":"♡"}'
1450986769 '{"result":"♡"}'
1450986768 '{"result":"♡"}'
1450986769 '{"result":"♡"}'
1450986771 '{"result":"♡"}'
1450986769 '{"result":"♡"}'
1450986769 '{"result":"♡"}'
1450986771 '{"result":"♡"}'
1450986771 '{"result":"♡"}'
1450986771 '{"result":"♡"}'
1450986772 '{"result":"♡"}'
1450986772 '{"result":"♡"}'
1450986772 '{"result":"♡"}'
1450986772 '{"result":"♡"}'
1450986772 '{"result":"♡"}'
1450986773 '{"result":"♡"}'
1450986772 '{"result":"♡"}'
1450986773 '{"result":"♡"}'
1450986773 '{"result":"♡"}'
1450986772 '{"result":"♡"}'
1450986773 '{"result":"♡"}'
1450986774 '{"result":"♡"}'
1450986774 '{"result":"♡"}'
1450986773 '{"result":"♡"}'
1450986773 '{"result":"♡"}'
1450986774 '{"result":"♡"}'
1450986774 '{"result":"♡"}'
1450986774 '{"result":"♡"}'
1450986774 '{"result":"♡"}'
1450986775 '{"result":"♡"}'
1450986775 '{"result":"♡"}'
1450986775 '{"result":"♡"}'
1450986775 '{"result":"♡"}'
1450986775 '{"result":"♡"}'
1450986776 '{"result":"♡"}'
1450986776 '{"result":"♡"}'
1450986776 '{"result":"♡"}'
1450986776 '{"result":"♡"}'
1450986776 '{"result":"♡"}'
1450986776 '{"result":"♡"}'
1450986775 '{"result":"♡"}'
1450986777 '{"result":"♡"}'
1450986777 '{"result":"♡"}'
1450986777 '{"result":"♡"}'
1450986776 '{"result":"♡"}'
1450986777 '{"result":"♡"}'
1450986776 '{"result":"♡"}'
1450986776 '{"result":"♡"}'
1450986776 '{"result":"♡"}'
1450986777 '{"result":"♡"}'
1450986777 '{"result":"♡"}'
1450986777 '{"result":"♡"}'
1450986777 '{"result":"♡"}'
1450986777 '{"result":"♡"}'
1450986777 '{"result":"♡"}'
1450986778 '{"result":"♡"}'
1450986778 '{"result":"♡"}'
1450986779 '{"result":"♡"}'
1450986778 '{"result":"♡"}'
1450986778 '{"result":"♡"}'
1450986778 '{"result":"♡"}'
1450986779 '{"result":"♡"}'
1450986779 '{"result":"♡"}'
1450986780 '{"result":"♡"}'
1450986780 '{"result":"♡"}'
1450986779 '{"result":"♡"}'
1450986780 '{"result":"♡"}'
1450986780 '{"result":"♡"}'
1450986779 '{"result":"♡"}'
1450986781 '{"result":"♡"}'
1450986781 '{"result":"♡"}'
1450986781 '{"result":"♡"}'
1450986781 '{"result":"♡"}'
1450986782 '{"result":"♡"}'
1450986782 '{"result":"♡"}'
1450986781 '{"result":"♡"}'
undefined:1
Try again later
^

SyntaxError: Unexpected token T
    at Object.parse (native)
    at Request._callback (/home/www/iotupdates/app.js:21:24)
    at Request.self.callback (/home/www/iotupdates/node_modules/request/request.js:198:22)
    at emitTwo (events.js:88:13)
    at Request.emit (events.js:173:7)
    at Request.<anonymous> (/home/www/iotupdates/node_modules/request/request.js:1035:10)
    at emitOne (events.js:83:20)
    at Request.emit (events.js:170:7)
    at IncomingMessage.<anonymous> (/home/www/iotupdates/node_modules/request/request.js:962:12)
    at emitNone (events.js:73:20)
    at IncomingMessage.emit (events.js:167:7)
error: Forever detected script exited with code: 1
error: Script restart attempt #1
1450986786 '{"result":"♡"}'
1450986786 '{"result":"♡"}'
1450986786 '{"result":"♡"}'
1450986787 '{"result":"♡"}'
1450986787 '{"result":"♡"}'
1450986787 '{"result":"♡"}'
1450986787 '{"result":"♡"}'
1450986787 '{"result":"♡"}'
1450986787 '{"result":"♡"}'
1450986787 '{"result":"♡"}'
1450986787 '{"result":"♡"}'
1450986786 '{"result":"♡"}'
1450986787 '{"result":"♡"}'
1450986787 '{"result":"♡"}'
1450986787 '{"result":"♡"}'
1450986787 '{"result":"♡"}'
1450986787 '{"result":"♡"}'
1450986787 '{"result":"♡"}'
1450986787 '{"result":"♡"}'
1450986787 '{"result":"♡"}'
1450986787 '{"result":"♡"}'
1450986787 '{"result":"♡"}'
1450986787 '{"result":"♡"}'
1450986787 '{"result":"♡"}'
1450986787 '{"result":"♡"}'
1450986787 '{"result":"♡"}'
1450986787 '{"result":"♡"}'
1450986787 '{"result":"♡"}'
1450986788 '{"result":"♡"}'
1450986788 '{"result":"♡"}'
1450986788 '{"result":"♡"}'
1450986788 '{"result":"♡"}'
1450986788 '{"result":"♡"}'
1450986788 '{"result":"♡"}'
1450986787 '{"result":"♡"}'
1450986787 '{"result":"♡"}'
1450986787 '{"result":"♡"}'
1450986787 '{"result":"♡"}'
1450986791 '{"result":"♡"}'
1450986791 '{"result":"♡"}'
1450986791 '{"result":"♡"}'
1450986791 '{"result":"♡"}'
1450986791 '{"result":"♡"}'
1450986791 '{"result":"♡"}'
1450986791 '{"result":"♡"}'
1450986791 '{"result":"♡"}'
1450986791 '{"result":"♡"}'
1450986791 '{"result":"♡"}'
1450986788 '{"result":"♡"}'
1450986792 '{"result":"♡"}'
1450986792 '{"result":"♡"}'
1450986792 '{"result":"♡"}'
1450986794 '{"result":"♡"}'
1450986794 '{"result":"♡"}'
1450986794 '{"result":"♡"}'
1450986794 '{"result":"♡"}'
1450986794 '{"result":"♡"}'
1450986794 '{"result":"♡"}'
1450986795 '{"result":"♡"}'
1450986795 '{"result":"♡"}'
1450986795 '{"result":"♡"}'
1450986795 '{"result":"♡"}'
1450986795 '{"result":"♡"}'
1450986795 '{"result":"♡"}'
1450986794 '{"result":"♡"}'
1450986794 '{"result":"♡"}'
1450986795 '{"result":"♡"}'
1450986795 '{"result":"♡"}'
1450986795 '{"result":"♡"}'
1450986795 '{"result":"♡"}'
1450986795 '{"result":"♡"}'
1450986795 '{"result":"♡"}'
1450986795 '{"result":"♡"}'
1450986795 '{"result":"♡"}'
1450986795 '{"result":"♡"}'
1450986795 '{"result":"♡"}'
1450986795 '{"result":"♡"}'
1450986795 '{"result":"♡"}'
1450986795 '{"result":"♡"}'
1450986795 '{"result":"♡"}'
1450986795 '{"result":"♡"}'
1450986795 '{"result":"♡"}'
1450986795 '{"result":"♡"}'
1450986795 '{"result":"♡"}'
1450986795 '{"result":"♡"}'
1450986795 '{"result":"♡"}'
1450986796 '{"result":"♡"}'
1450986796 '{"result":"♡"}'
1450986796 '{"result":"♡"}'
1450986796 '{"result":"♡"}'
1450986797 '{"result":"♡"}'
1450986797 '{"result":"♡"}'
1450986797 '{"result":"♡"}'
1450986799 '{"result":"♡"}'
1450986799 '{"result":"♡"}'
1450986800 '{"result":"♡"}'
1450986800 '{"result":"♡"}'
1450986800 '{"result":"♡"}'
1450986801 '{"result":"♡"}'
1450986800 '{"result":"♡"}'
1450986801 '{"result":"♡"}'
1450986801 '{"result":"♡"}'
1450986801 '{"result":"♡"}'
1450986801 '{"result":"♡"}'
1450986801 '{"result":"♡"}'
1450986801 '{"result":"♡"}'
1450986801 '{"result":"♡"}'
1450986801 '{"result":"♡"}'
1450986801 '{"result":"♡"}'
1450986801 '{"result":"♡"}'
1450986801 '{"result":"♡"}'
1450986801 '{"result":"♡"}'
1450986802 '{"result":"♡"}'
1450986802 '{"result":"♡"}'
1450986801 '{"result":"♡"}'
1450986801 '{"result":"♡"}'
1450986801 '{"result":"♡"}'
1450986802 '{"result":"♡"}'
1450986802 '{"result":"♡"}'
1450986803 '{"result":"♡"}'
1450986802 '{"result":"♡"}'
1450986802 '{"result":"♡"}'
1450986804 '{"result":"♡"}'
1450986803 '{"result":"♡"}'
1450986805 '{"result":"♡"}'
1450986804 '{"result":"♡"}'
1450986804 '{"result":"♡"}'
1450986805 '{"result":"♡"}'
1450986805 '{"result":"♡"}'
1450986805 '{"result":"♡"}'
1450986806 '{"result":"♡"}'
1450986806 '{"result":"♡"}'
1450986805 '{"result":"♡"}'
1450986806 '{"result":"♡"}'
1450986806 '{"result":"♡"}'
1450986805 '{"result":"♡"}'
1450986806 '{"result":"♡"}'
1450986806 '{"result":"♡"}'
1450986806 '{"result":"♡"}'
1450986807 '{"result":"♡"}'
1450986806 '{"result":"♡"}'
1450986807 '{"result":"♡"}'
1450986807 '{"result":"♡"}'
1450986807 '{"result":"♡"}'
1450986807 '{"result":"♡"}'
1450986807 '{"result":"♡"}'
1450986807 '{"result":"♡"}'
1450986808 '{"result":"♡"}'
1450986808 '{"result":"♡"}'
1450986807 '{"result":"♡"}'
1450986808 '{"result":"♡"}'
1450986808 '{"result":"♡"}'
1450986809 '{"result":"♡"}'
1450986809 '{"result":"♡"}'
1450986810 '{"result":"♡"}'
1450986809 '{"result":"♡"}'
1450986808 '{"result":"♡"}'
1450986810 '{"result":"♡"}'
1450986810 '{"result":"♡"}'
1450986810 '{"result":"♡"}'
1450986810 '{"result":"♡"}'
1450986810 '{"result":"♡"}'
1450986810 '{"result":"♡"}'
1450986810 '{"result":"♡"}'
1450986810 '{"result":"♡"}'
1450986810 '{"result":"♡"}'
1450986811 '{"result":"♡"}'
1450986811 '{"result":"♡"}'
1450986811 '{"result":"♡"}'
1450986811 '{"result":"♡"}'
1450986811 '{"result":"♡"}'
1450986811 '{"result":"♡"}'
1450986811 '{"result":"♡"}'
1450986810 '{"result":"♡"}'
1450986811 '{"result":"♡"}'
1450986810 '{"result":"♡"}'
1450986811 '{"result":"♡"}'
1450986813 '{"result":"♡"}'
1450986813 '{"result":"♡"}'
1450986814 '{"result":"♡"}'
1450986814 '{"result":"♡"}'
1450986814 '{"result":"♡"}'
1450986814 '{"result":"♡"}'
1450986814 '{"result":"♡"}'
1450986813 '{"result":"♡"}'
1450986813 '{"result":"♡"}'
1450986814 '{"result":"♡"}'
1450986814 '{"result":"♡"}'
1450986814 '{"result":"♡"}'
1450986814 '{"result":"♡"}'
1450986815 '{"result":"♡"}'
1450986815 '{"result":"♡"}'
1450986815 '{"result":"♡"}'
1450986815 '{"result":"♡"}'
1450986815 '{"result":"♡"}'
1450986815 '{"result":"♡"}'
1450986815 '{"result":"♡"}'
1450986815 '{"result":"♡"}'
1450986815 '{"result":"♡"}'
1450986815 '{"result":"♡"}'
1450986815 '{"result":"♡"}'
1450986815 '{"result":"♡"}'
1450986816 '{"result":"♡"}'
1450986815 '{"result":"♡"}'
1450986815 '{"result":"♡"}'
1450986815 '{"result":"♡"}'
1450986817 '{"result":"♡"}'
1450986817 '{"result":"♡"}'
1450986815 '{"result":"♡"}'
1450986817 '{"result":"♡"}'
1450986816 '{"result":"♡"}'
1450986818 '{"result":"♡"}'
1450986819 '{"result":"♡"}'
1450986819 '{"result":"♡"}'
1450986819 '{"result":"♡"}'
1450986819 '{"result":"♡"}'
1450986819 '{"result":"♡"}'
1450986819 '{"result":"♡"}'
1450986819 '{"result":"♡"}'
1450986818 '{"result":"♡"}'
1450986819 '{"result":"♡"}'
1450986820 '{"result":"♡"}'
1450986820 '{"result":"♡"}'
1450986820 '{"result":"♡"}'
1450986820 '{"result":"♡"}'
1450986820 '{"result":"♡"}'
1450986820 '{"result":"♡"}'
1450986820 '{"result":"♡"}'
1450986820 '{"result":"♡"}'
1450986819 '{"result":"♡"}'
1450986819 '{"result":"♡"}'
1450986820 '{"result":"♡"}'
1450986820 '{"result":"♡"}'
1450986820 '{"result":"♡"}'
1450986821 '{"result":"♡"}'
1450986821 '{"result":"♡"}'
1450986821 '{"result":"♡"}'
1450986820 '{"result":"♡"}'
1450986820 '{"result":"♡"}'
1450986820 '{"result":"♡"}'
1450986820 '{"result":"♡"}'
1450986821 '{"result":"♡"}'
1450986821 '{"result":"♡"}'
1450986821 '{"result":"♡"}'
1450986821 '{"result":"♡"}'
1450986821 '{"result":"♡"}'
1450986821 '{"result":"♡"}'
1450986822 '{"result":"♡"}'
1450986822 '{"result":"♡"}'
1450986822 '{"result":"♡"}'
1450986823 '{"result":"♡"}'
1450986823 '{"result":"♡"}'
1450986822 '{"result":"♡"}'
1450986822 '{"result":"♡"}'
1450986824 '{"result":"♡"}'
1450986823 '{"result":"♡"}'
1450986824 '{"result":"♡"}'
1450986822 '{"result":"♡"}'
1450986823 '{"result":"♡"}'
1450986824 '{"result":"♡"}'
1450986825 '{"result":"♡"}'
1450986825 '{"result":"♡"}'
1450986825 '{"result":"♡"}'
1450986826 '{"result":"♡"}'
1450986826 '{"result":"♡"}'
1450986825 '{"result":"♡"}'
1450986826 '{"result":"♡"}'
1450986826 '{"result":"♡"}'
1450986826 '{"result":"♡"}'
1450986827 '{"result":"♡"}'
1450986826 '{"result":"♡"}'
1450986826 '{"result":"♡"}'
1450986827 '{"result":"♡"}'
1450986827 '{"result":"♡"}'
1450986827 '{"result":"♡"}'
1450986827 '{"result":"♡"}'
1450986827 '{"result":"♡"}'
1450986827 '{"result":"♡"}'
1450986826 '{"result":"♡"}'
1450986827 '{"result":"♡"}'
1450986827 '{"result":"♡"}'
1450986827 '{"result":"♡"}'
1450986827 '{"result":"♡"}'
1450986827 '{"result":"♡"}'
1450986827 '{"result":"♡"}'
1450986827 '{"result":"♡"}'
1450986827 '{"result":"♡"}'
1450986829 '{"result":"♡"}'
1450986829 '{"result":"♡"}'
1450986829 '{"result":"♡"}'
1450986829 '{"result":"♡"}'
1450986829 '{"result":"♡"}'
1450986829 '{"result":"♡"}'
1450986829 '{"result":"♡"}'
1450986827 '{"result":"♡"}'
1450986827 '{"result":"♡"}'
1450986828 '{"result":"♡"}'
1450986829 '{"result":"♡"}'
1450986829 '{"result":"♡"}'
1450986829 '{"result":"♡"}'
1450986829 '{"result":"♡"}'
1450986829 '{"result":"♡"}'
1450986829 '{"result":"♡"}'
1450986829 '{"result":"♡"}'
1450986829 '{"result":"♡"}'
1450986829 '{"result":"♡"}'
1450986829 '{"result":"♡"}'
1450986830 '{"result":"♡"}'
1450986830 '{"result":"♡"}'
1450986830 '{"result":"♡"}'
1450986831 '{"result":"♡"}'
1450986830 '{"result":"♡"}'
1450986831 '{"result":"♡"}'
1450986831 '{"result":"♡"}'
1450986831 '{"result":"♡"}'
1450986831 '{"result":"♡"}'
1450986831 '{"result":"♡"}'
1450986831 '{"result":"♡"}'
1450986831 '{"result":"♡"}'
1450986831 '{"result":"♡"}'
1450986831 '{"result":"♡"}'
1450986831 '{"result":"♡"}'
1450986831 '{"result":"♡"}'
1450986831 '{"result":"♡"}'
1450986831 '{"result":"♡"}'
1450986831 '{"result":"♡"}'
1450986831 '{"result":"♡"}'
1450986831 '{"result":"♡"}'
1450986831 '{"result":"♡"}'
1450986831 '{"result":"♡"}'
1450986831 '{"result":"♡"}'
1450986831 '{"result":"♡"}'
1450986831 '{"result":"♡"}'
1450986831 '{"result":"♡"}'
1450986831 '{"result":"♡"}'
1450986831 '{"result":"♡"}'
1450986831 '{"result":"♡"}'
1450986831 '{"result":"♡"}'
1450986831 '{"result":"♡"}'
1450986831 '{"result":"♡"}'
1450986831 '{"result":"♡"}'
1450986831 '{"result":"♡"}'
1450986831 '{"result":"♡"}'
1450986831 '{"result":"♡"}'
1450986831 '{"result":"♡"}'
1450986831 '{"result":"♡"}'
1450986831 '{"result":"♡"}'
1450986831 '{"result":"♡"}'
1450986831 '{"result":"♡"}'
1450986831 '{"result":"♡"}'
1450986831 '{"result":"♡"}'
1450986831 '{"result":"♡"}'
1450986831 '{"result":"♡"}'
1450986831 '{"result":"♡"}'
1450986831 '{"result":"♡"}'
1450986831 '{"result":"♡"}'
1450986831 '{"result":"♡"}'
1450986831 '{"result":"♡"}'
1450986831 '{"result":"♡"}'
1450986831 '{"result":"♡"}'
1450986831 '{"result":"♡"}'
1450986831 '{"result":"♡"}'
1450986831 '{"result":"♡"}'
1450986831 '{"result":"♡"}'
1450986831 '{"result":"♡"}'
1450986831 '{"result":"♡"}'
1450986832 '{"result":"♡"}'
1450986832 '{"result":"♡"}'
1450986832 '{"result":"♡"}'
1450986833 '{"result":"♡"}'
1450986831 '{"result":"♡"}'
1450986831 '{"result":"♡"}'
1450986831 '{"result":"♡"}'
1450986831 '{"result":"♡"}'
1450986831 '{"result":"♡"}'
1450986831 '{"result":"♡"}'
1450986831 '{"result":"♡"}'
1450986831 '{"result":"♡"}'
1450986835 '{"result":"♡"}'
1450986832 '{"result":"♡"}'
1450986831 '{"result":"♡"}'
1450986831 '{"result":"♡"}'
1450986832 '{"result":"♡"}'
1450986831 '{"result":"♡"}'
1450986835 '{"result":"♡"}'
1450986832 '{"result":"♡"}'
1450986831 '{"result":"♡"}'
1450986831 '{"result":"♡"}'
1450986839 '{"result":"♡"}'
1450986842 '{"result":"♡"}'
1450986842 '{"result":"♡"}'
1450986842 '{"result":"♡"}'
1450986842 '{"result":"♡"}'
1450986842 '{"result":"♡"}'
1450986842 '{"result":"♡"}'
1450986842 '{"result":"♡"}'
1450986844 '{"result":"♡"}'
1450986832 '{"result":"♡"}'
1450986842 '{"result":"♡"}'
1450986845 '{"result":"♡"}'
1450986844 '{"result":"♡"}'
1450986845 '{"result":"♡"}'
1450986845 '{"result":"♡"}'
1450986845 '{"result":"♡"}'
1450986846 '{"result":"♡"}'
1450986846 '{"result":"♡"}'
1450986846 '{"result":"♡"}'
1450986846 '{"result":"♡"}'
1450986846 '{"result":"♡"}'
1450986846 '{"result":"♡"}'
1450986845 '{"result":"♡"}'
1450986831 '{"result":"♡"}'
1450986847 '{"result":"♡"}'
1450986847 '{"result":"♡"}'
1450986847 '{"result":"♡"}'
1450986847 '{"result":"♡"}'
1450986847 '{"result":"♡"}'
1450986847 '{"result":"♡"}'
1450986848 '{"result":"♡"}'
1450986848 '{"result":"♡"}'
1450986847 '{"result":"♡"}'
1450986847 '{"result":"♡"}'
1450986848 '{"result":"♡"}'
1450986848 '{"result":"♡"}'
1450986848 '{"result":"♡"}'
1450986849 '{"result":"♡"}'
1450986848 '{"result":"♡"}'
1450986849 '{"result":"♡"}'
1450986849 '{"result":"♡"}'
1450986849 '{"result":"♡"}'
1450986849 '{"result":"♡"}'
1450986849 '{"result":"♡"}'
1450986850 '{"result":"♡"}'
1450986850 '{"result":"♡"}'
1450986850 '{"result":"♡"}'
1450986850 '{"result":"♡"}'
1450986849 '{"result":"♡"}'
1450986851 '{"result":"♡"}'
1450986851 '{"result":"♡"}'
1450986851 '{"result":"♡"}'
1450986851 '{"result":"♡"}'
1450986851 '{"result":"♡"}'
1450986851 '{"result":"♡"}'
1450986851 '{"result":"♡"}'
1450986851 '{"result":"♡"}'
1450986851 '{"result":"♡"}'
1450986851 '{"result":"♡"}'
1450986851 '{"result":"♡"}'
1450986851 '{"result":"♡"}'
1450986851 '{"result":"♡"}'
1450986851 '{"result":"♡"}'
1450986851 '{"result":"♡"}'
1450986851 '{"result":"♡"}'
1450986851 '{"result":"♡"}'
1450986851 '{"result":"♡"}'
1450986851 '{"result":"♡"}'
1450986852 '{"result":"♡"}'
1450986852 '{"result":"♡"}'
1450986852 '{"result":"♡"}'
1450986851 '{"result":"♡"}'
1450986852 '{"result":"♡"}'
1450986852 '{"result":"♡"}'
1450986852 '{"result":"♡"}'
1450986852 '{"result":"♡"}'
1450986852 '{"result":"♡"}'
1450986853 '{"result":"♡"}'
1450986854 '{"result":"♡"}'
1450986854 '{"result":"♡"}'
1450986853 '{"result":"♡"}'
1450986852 '{"result":"♡"}'
1450986855 '{"result":"♡"}'
1450986856 '{"result":"♡"}'
1450986855 '{"result":"♡"}'
1450986855 '{"result":"♡"}'
1450986856 '{"result":"♡"}'
1450986855 '{"result":"♡"}'
1450986856 '{"result":"♡"}'
1450986856 '{"result":"♡"}'
1450986856 '{"result":"♡"}'
1450986856 '{"result":"♡"}'
1450986856 '{"result":"♡"}'
1450986856 '{"result":"♡"}'
1450986856 '{"result":"♡"}'
1450986856 '{"result":"♡"}'
1450986856 '{"result":"♡"}'
1450986856 '{"result":"♡"}'
1450986857 '{"result":"♡"}'
1450986856 '{"result":"♡"}'
1450986857 '{"result":"♡"}'
1450986857 '{"result":"♡"}'
1450986857 '{"result":"♡"}'
1450986857 '{"result":"♡"}'
1450986857 '{"result":"♡"}'
1450986857 '{"result":"♡"}'
1450986858 '{"result":"♡"}'
1450986858 '{"result":"♡"}'
1450986858 '{"result":"♡"}'
1450986859 '{"result":"♡"}'
1450986857 '{"result":"♡"}'
1450986859 '{"result":"♡"}'
1450986859 '{"result":"♡"}'
1450986859 '{"result":"♡"}'
1450986859 '{"result":"♡"}'
1450986859 '{"result":"♡"}'
1450986860 '{"result":"♡"}'
1450986860 '{"result":"♡"}'
1450986860 '{"result":"♡"}'
1450986860 '{"result":"♡"}'
1450986860 '{"result":"♡"}'
1450986861 '{"result":"♡"}'
1450986861 '{"result":"♡"}'
1450986860 '{"result":"♡"}'
1450986861 '{"result":"♡"}'
1450986861 '{"result":"♡"}'
1450986860 '{"result":"♡"}'
1450986861 '{"result":"♡"}'
1450986862 '{"result":"♡"}'
1450986862 '{"result":"♡"}'
1450986861 '{"result":"♡"}'
1450986862 '{"result":"♡"}'
1450986861 '{"result":"♡"}'
1450986861 '{"result":"♡"}'
1450986862 '{"result":"♡"}'
1450986862 '{"result":"♡"}'
1450986860 '{"result":"♡"}'
1450986863 '{"result":"♡"}'
1450986862 '{"result":"♡"}'
1450986863 '{"result":"♡"}'
1450986863 '{"result":"♡"}'
1450986863 '{"result":"♡"}'
1450986863 '{"result":"♡"}'
1450986863 '{"result":"♡"}'
1450986863 '{"result":"♡"}'
1450986863 '{"result":"♡"}'
1450986863 '{"result":"♡"}'
1450986863 '{"result":"♡"}'
1450986863 '{"result":"♡"}'
1450986863 '{"result":"♡"}'
1450986863 '{"result":"♡"}'
1450986863 '{"result":"♡"}'
1450986863 '{"result":"♡"}'
1450986863 '{"result":"♡"}'
1450986863 '{"result":"♡"}'
1450986863 '{"result":"♡"}'
1450986863 '{"result":"♡"}'
1450986864 '{"result":"♡"}'
1450986864 '{"result":"♡"}'
1450986863 '{"result":"♡"}'
1450986863 '{"result":"♡"}'
1450986863 '{"result":"♡"}'
1450986863 '{"result":"♡"}'
1450986864 '{"result":"♡"}'
1450986864 '{"result":"♡"}'
1450986864 '{"result":"♡"}'
1450986864 '{"result":"♡"}'
1450986864 '{"result":"♡"}'
1450986864 '{"result":"♡"}'
1450986864 '{"result":"♡"}'
1450986864 '{"result":"♡"}'
1450986864 '{"result":"♡"}'
1450986864 '{"result":"♡"}'
1450986864 '{"result":"♡"}'
1450986864 '{"result":"♡"}'
1450986864 '{"result":"♡"}'
1450986864 '{"result":"♡"}'
1450986864 '{"result":"♡"}'
1450986864 '{"result":"♡"}'
1450986864 '{"result":"♡"}'
1450986864 '{"result":"♡"}'
1450986864 '{"result":"♡"}'
1450986864 '{"result":"♡"}'
1450986864 '{"result":"♡"}'
1450986864 '{"result":"♡"}'
1450986864 '{"result":"♡"}'
1450986864 '{"result":"♡"}'
1450986864 '{"result":"♡"}'
1450986863 '{"result":"♡"}'
1450986864 '{"result":"♡"}'
1450986864 '{"result":"♡"}'
1450986864 '{"result":"♡"}'
1450986864 '{"result":"♡"}'
1450986864 '{"result":"♡"}'
1450986864 '{"result":"♡"}'
1450986864 '{"result":"♡"}'
1450986864 '{"result":"♡"}'
1450986864 '{"result":"♡"}'
1450986864 '{"result":"♡"}'
1450986864 '{"result":"♡"}'
1450986864 '{"result":"♡"}'
1450986864 '{"result":"♡"}'
1450986864 '{"result":"♡"}'
1450986864 '{"result":"♡"}'
1450986864 '{"result":"♡"}'
1450986864 '{"result":"♡"}'
1450986864 '{"result":"♡"}'
1450986864 '{"result":"♡"}'
1450986864 '{"result":"♡"}'
1450986864 '{"result":"♡"}'
1450986864 '{"result":"♡"}'
1450986864 '{"result":"♡"}'
1450986864 '{"result":"♡"}'
1450986864 '{"result":"♡"}'
1450986864 '{"result":"♡"}'
1450986864 '{"result":"♡"}'
1450986864 '{"result":"♡"}'
1450986864 '{"result":"♡"}'
1450986864 '{"result":"♡"}'
1450986864 '{"result":"♡"}'
1450986864 '{"result":"♡"}'
1450986864 '{"result":"♡"}'
1450986864 '{"result":"♡"}'
1450986864 '{"result":"♡"}'
1450986864 '{"result":"♡"}'
1450986865 '{"result":"♡"}'
1450986863 '{"result":"♡"}'
1450986864 '{"result":"♡"}'
1450986864 '{"result":"♡"}'
1450986866 '{"result":"♡"}'
1450986877 '{"result":"♡"}'
1450986870 '{"result":"♡"}'
1450986874 '{"result":"♡"}'
1450986877 '{"result":"♡"}'
1450986877 '{"result":"♡"}'
1450986877 '{"result":"♡"}'
1450986877 '{"result":"♡"}'
1450986878 '{"result":"♡"}'
1450986877 '{"result":"♡"}'
1450986878 '{"result":"♡"}'
1450986878 '{"result":"♡"}'
1450986878 '{"result":"♡"}'
1450986878 '{"result":"♡"}'
1450986878 '{"result":"♡"}'
1450986878 '{"result":"♡"}'
1450986878 '{"result":"♡"}'
1450986878 '{"result":"♡"}'
1450986878 '{"result":"♡"}'
1450986878 '{"result":"♡"}'
1450986878 '{"result":"♡"}'
1450986878 '{"result":"♡"}'
1450986878 '{"result":"♡"}'
1450986878 '{"result":"♡"}'
1450986878 '{"result":"♡"}'
1450986878 '{"result":"♡"}'
1450986878 '{"result":"♡"}'
1450986878 '{"result":"♡"}'
1450986878 '{"result":"♡"}'
1450986878 '{"result":"♡"}'
1450986878 '{"result":"♡"}'
1450986878 '{"result":"♡"}'
1450986878 '{"result":"♡"}'
1450986878 '{"result":"♡"}'
1450986878 '{"result":"♡"}'
1450986878 '{"result":"♡"}'
1450986878 '{"result":"♡"}'
1450986878 '{"result":"♡"}'
1450986878 '{"result":"♡"}'
1450986878 '{"result":"♡"}'
1450986878 '{"result":"♡"}'
1450986878 '{"result":"♡"}'
1450986878 '{"result":"♡"}'
1450986878 '{"result":"♡"}'
1450986878 '{"result":"♡"}'
1450986878 '{"result":"♡"}'
1450986878 '{"result":"♡"}'
1450986878 '{"result":"♡"}'
1450986878 '{"result":"♡"}'
1450986878 '{"result":"♡"}'
1450986878 '{"result":"♡"}'
1450986878 '{"result":"♡"}'
1450986878 '{"result":"♡"}'
1450986878 '{"result":"♡"}'
1450986878 '{"result":"♡"}'
1450986878 '{"result":"♡"}'
1450986878 '{"result":"♡"}'
1450986878 '{"result":"♡"}'
1450986878 '{"result":"♡"}'
1450986878 '{"result":"♡"}'
1450986878 '{"result":"♡"}'
1450986878 '{"result":"♡"}'
1450986878 '{"result":"♡"}'
1450986878 '{"result":"♡"}'
1450986878 '{"result":"♡"}'
1450986880 '{"result":"♡"}'
1450986881 '{"result":"♡"}'
1450986881 '{"result":"♡"}'
1450986881 '{"result":"♡"}'
1450986881 '{"result":"♡"}'
1450986881 '{"result":"♡"}'
1450986881 '{"result":"♡"}'
1450986881 '{"result":"♡"}'
1450986881 '{"result":"♡"}'
1450986881 '{"result":"♡"}'
1450986881 '{"result":"♡"}'
1450986881 '{"result":"♡"}'
1450986881 '{"result":"♡"}'
1450986881 '{"result":"♡"}'
1450986881 '{"result":"♡"}'
1450986881 '{"result":"♡"}'
1450986881 '{"result":"♡"}'
1450986881 '{"result":"♡"}'
1450986881 '{"result":"♡"}'
1450986881 '{"result":"♡"}'
1450986881 '{"result":"♡"}'
1450986881 '{"result":"♡"}'
1450986881 '{"result":"♡"}'
1450986881 '{"result":"♡"}'
1450986881 '{"result":"♡"}'
1450986881 '{"result":"♡"}'
1450986881 '{"result":"♡"}'
1450986881 '{"result":"♡"}'
1450986881 '{"result":"♡"}'
1450986881 '{"result":"♡"}'
1450986881 '{"result":"♡"}'
1450986881 '{"result":"♡"}'
1450986881 '{"result":"♡"}'
1450986881 '{"result":"♡"}'
1450986881 '{"result":"♡"}'
1450986881 '{"result":"♡"}'
1450986881 '{"result":"♡"}'
1450986881 '{"result":"♡"}'
1450986881 '{"result":"♡"}'
1450986878 '{"result":"♡"}'
1450986878 '{"result":"♡"}'
1450986878 '{"result":"♡"}'
1450986878 '{"result":"♡"}'
1450986878 '{"result":"♡"}'
1450986878 '{"result":"♡"}'
1450986878 '{"result":"♡"}'
1450986878 '{"result":"♡"}'
1450986878 '{"result":"♡"}'
1450986878 '{"result":"♡"}'
1450986880 '{"result":"♡"}'
1450986881 '{"result":"♡"}'
1450986881 '{"result":"♡"}'
1450986881 '{"result":"♡"}'
1450986881 '{"result":"♡"}'
1450986878 '{"result":"♡"}'
1450986881 '{"result":"♡"}'
1450986881 '{"result":"♡"}'
1450986881 '{"result":"♡"}'
1450986881 '{"result":"♡"}'
1450986881 '{"result":"♡"}'
1450986881 '{"result":"♡"}'
1450986881 '{"result":"♡"}'
1450986881 '{"result":"♡"}'
1450986881 '{"result":"♡"}'
1450986881 '{"result":"♡"}'
1450986881 '{"result":"♡"}'
1450986881 '{"result":"♡"}'
1450986881 '{"result":"♡"}'
1450986881 '{"result":"♡"}'
1450986881 '{"result":"♡"}'
1450986881 '{"result":"♡"}'
1450986881 '{"result":"♡"}'
1450986881 '{"result":"♡"}'
1450986881 '{"result":"♡"}'
1450986881 '{"result":"♡"}'
/home/www/iotupdates/app.js:65
            if (error && response.statusCode !== 200) {
                                 ^

TypeError: Cannot read property 'statusCode' of undefined
    at Request._callback (/home/www/iotupdates/app.js:65:34)
    at self.callback (/home/www/iotupdates/node_modules/request/request.js:198:22)
    at emitOne (events.js:78:13)
    at Request.emit (events.js:170:7)
    at Request.onRequestError (/home/www/iotupdates/node_modules/request/request.js:820:8)
    at emitOne (events.js:78:13)
    at ClientRequest.emit (events.js:170:7)
    at TLSSocket.socketOnEnd (_http_client.js:295:9)
    at emitNone (events.js:73:20)
    at TLSSocket.emit (events.js:167:7)
error: Forever detected script exited with code: 1
error: Script restart attempt #2
1450987028 '{"result":"♡"}'
1450987028 '{"result":"♡"}'
1450987028 '{"result":"♡"}'
1450987028 '{"result":"♡"}'
1450987028 '{"result":"♡"}'
1450987029 '{"result":"♡"}'
1450987029 '{"result":"♡"}'
1450987029 '{"result":"♡"}'
1450987029 '{"result":"♡"}'
1450987029 '{"result":"♡"}'
1450987029 '{"result":"♡"}'
1450987029 '{"result":"♡"}'
1450987029 '{"result":"♡"}'
1450987029 '{"result":"♡"}'
1450987029 '{"result":"♡"}'
1450987029 '{"result":"♡"}'
1450987029 '{"result":"♡"}'
1450987029 '{"result":"♡"}'
1450987029 '{"result":"♡"}'
1450987029 '{"result":"♡"}'
1450987029 '{"result":"♡"}'
1450987029 '{"result":"♡"}'
1450987031 '{"result":"♡"}'
1450987030 '{"result":"♡"}'
1450987030 '{"result":"♡"}'
1450987030 '{"result":"♡"}'
1450987032 '{"result":"♡"}'
1450987031 '{"result":"♡"}'
1450987032 '{"result":"♡"}'
1450987031 '{"result":"♡"}'
1450987032 '{"result":"♡"}'
1450987032 '{"result":"♡"}'
1450987033 '{"result":"♡"}'
1450987032 '{"result":"♡"}'
1450987033 '{"result":"♡"}'
1450987033 '{"result":"♡"}'
1450987033 '{"result":"♡"}'
1450987034 '{"result":"♡"}'
1450987034 '{"result":"♡"}'
1450987034 '{"result":"♡"}'
1450987034 '{"result":"♡"}'
1450987034 '{"result":"♡"}'
1450987034 '{"result":"♡"}'
1450987035 '{"result":"♡"}'
1450987035 '{"result":"♡"}'
1450987034 '{"result":"♡"}'
1450987035 '{"result":"♡"}'
1450987035 '{"result":"♡"}'
1450987035 '{"result":"♡"}'
1450987035 '{"result":"♡"}'
1450987035 '{"result":"♡"}'
1450987035 '{"result":"♡"}'
1450987035 '{"result":"♡"}'
1450987035 '{"result":"♡"}'
1450987035 '{"result":"♡"}'
1450987036 '{"result":"♡"}'
1450987036 '{"result":"♡"}'
1450987036 '{"result":"♡"}'
1450987035 '{"result":"♡"}'
1450987036 '{"result":"♡"}'
1450987037 '{"result":"♡"}'
1450987035 '{"result":"♡"}'
1450987036 '{"result":"♡"}'
1450987037 '{"result":"♡"}'
1450987038 '{"result":"♡"}'
1450987038 '{"result":"♡"}'
1450987038 '{"result":"♡"}'
1450987038 '{"result":"♡"}'
1450987038 '{"result":"♡"}'
1450987038 '{"result":"♡"}'
1450987038 '{"result":"♡"}'
1450987038 '{"result":"♡"}'
1450987039 '{"result":"♡"}'
1450987039 '{"result":"♡"}'
1450987039 '{"result":"♡"}'
1450987040 '{"result":"♡"}'
1450987040 '{"result":"♡"}'
1450987040 '{"result":"♡"}'
1450987040 '{"result":"♡"}'
1450987040 '{"result":"♡"}'
1450987040 '{"result":"♡"}'
1450987040 '{"result":"♡"}'
1450987040 '{"result":"♡"}'
1450987040 '{"result":"♡"}'
1450987040 '{"result":"♡"}'
1450987041 '{"result":"♡"}'
1450987041 '{"result":"♡"}'
1450987041 '{"result":"♡"}'
1450987041 '{"result":"♡"}'
1450987041 '{"result":"♡"}'
1450987041 '{"result":"♡"}'
1450987041 '{"result":"♡"}'
1450987040 '{"result":"♡"}'
1450987040 '{"result":"♡"}'
1450987041 '{"result":"♡"}'
1450987042 '{"result":"♡"}'
1450987042 '{"result":"♡"}'
1450987042 '{"result":"♡"}'
1450987042 '{"result":"♡"}'
1450987042 '{"result":"♡"}'
1450987043 '{"result":"♡"}'
1450987043 '{"result":"♡"}'
1450987043 '{"result":"♡"}'
1450987043 '{"result":"♡"}'
1450987043 '{"result":"♡"}'
1450987043 '{"result":"♡"}'
1450987043 '{"result":"♡"}'
1450987043 '{"result":"♡"}'
1450987043 '{"result":"♡"}'
1450987044 '{"result":"♡"}'
1450987043 '{"result":"♡"}'
1450987044 '{"result":"♡"}'
1450987044 '{"result":"♡"}'
1450987044 '{"result":"♡"}'
1450987045 '{"result":"♡"}'
1450987045 '{"result":"♡"}'
1450987044 '{"result":"♡"}'
1450987045 '{"result":"♡"}'
1450987045 '{"result":"♡"}'
1450987046 '{"result":"♡"}'
1450987046 '{"result":"♡"}'
1450987046 '{"result":"♡"}'
1450987046 '{"result":"♡"}'
1450987046 '{"result":"♡"}'
1450987046 '{"result":"♡"}'
1450987046 '{"result":"♡"}'
1450987046 '{"result":"♡"}'
1450987046 '{"result":"♡"}'
1450987046 '{"result":"♡"}'
1450987047 '{"result":"♡"}'
1450987047 '{"result":"♡"}'
1450987047 '{"result":"♡"}'
1450987046 '{"result":"♡"}'
1450987047 '{"result":"♡"}'
1450987048 '{"result":"♡"}'
1450987048 '{"result":"♡"}'
1450987048 '{"result":"♡"}'
1450987048 '{"result":"♡"}'
1450987048 '{"result":"♡"}'
1450987048 '{"result":"♡"}'
1450987048 '{"result":"♡"}'
1450987049 '{"result":"♡"}'
1450987049 '{"result":"♡"}'
1450987049 '{"result":"♡"}'
1450987049 '{"result":"♡"}'
1450987049 '{"result":"♡"}'
1450987050 '{"result":"♡"}'
1450987050 '{"result":"♡"}'
1450987050 '{"result":"♡"}'
1450987050 '{"result":"♡"}'
1450987050 '{"result":"♡"}'
1450987050 '{"result":"♡"}'
1450987051 '{"result":"♡"}'
1450987051 '{"result":"♡"}'
1450987051 '{"result":"♡"}'
1450987051 '{"result":"♡"}'
1450987051 '{"result":"♡"}'
1450987051 '{"result":"♡"}'
1450987051 '{"result":"♡"}'
1450987051 '{"result":"♡"}'
1450987051 '{"result":"♡"}'
1450987051 '{"result":"♡"}'
1450987052 '{"result":"♡"}'
1450987052 '{"result":"♡"}'
1450987052 '{"result":"♡"}'
1450987052 '{"result":"♡"}'
1450987052 '{"result":"♡"}'
1450987052 '{"result":"♡"}'
1450987052 '{"result":"♡"}'
1450987052 '{"result":"♡"}'
1450987052 '{"result":"♡"}'
1450987052 '{"result":"♡"}'
1450987052 '{"result":"♡"}'
1450987052 '{"result":"♡"}'
1450987052 '{"result":"♡"}'
1450987052 '{"result":"♡"}'
1450987052 '{"result":"♡"}'
1450987052 '{"result":"♡"}'
1450987052 '{"result":"♡"}'
1450987052 '{"result":"♡"}'
1450987054 '{"result":"♡"}'
1450987054 '{"result":"♡"}'
1450987054 '{"result":"♡"}'
1450987055 '{"result":"♡"}'
1450987054 '{"result":"♡"}'
1450987055 '{"result":"♡"}'
1450987055 '{"result":"♡"}'
1450987055 '{"result":"♡"}'
1450987055 '{"result":"♡"}'
1450987055 '{"result":"♡"}'
1450987055 '{"result":"♡"}'
1450987055 '{"result":"♡"}'
1450987055 '{"result":"♡"}'
1450987055 '{"result":"♡"}'
1450987056 '{"result":"♡"}'
1450987056 '{"result":"♡"}'
1450987056 '{"result":"♡"}'
1450987056 '{"result":"♡"}'
1450987057 '{"result":"♡"}'
1450987057 '{"result":"♡"}'
1450987057 '{"result":"♡"}'
1450987058 '{"result":"♡"}'
1450987057 '{"result":"♡"}'
1450987058 '{"result":"♡"}'
1450987058 '{"result":"♡"}'
1450987058 '{"result":"♡"}'
1450987059 '{"result":"♡"}'
1450987059 '{"result":"♡"}'
1450987059 '{"result":"♡"}'
1450987059 '{"result":"♡"}'
1450987059 '{"result":"♡"}'
1450987059 '{"result":"♡"}'
1450987059 '{"result":"♡"}'
1450987059 '{"result":"♡"}'
1450987059 '{"result":"♡"}'
1450987059 '{"result":"♡"}'
1450987059 '{"result":"♡"}'
1450987059 '{"result":"♡"}'
1450987059 '{"result":"♡"}'
1450987059 '{"result":"♡"}'
1450987059 '{"result":"♡"}'
1450987059 '{"result":"♡"}'
1450987059 '{"result":"♡"}'
1450987059 '{"result":"♡"}'
1450987059 '{"result":"♡"}'
1450987059 '{"result":"♡"}'
1450987060 '{"result":"♡"}'
1450987060 '{"result":"♡"}'
1450987060 '{"result":"♡"}'
1450987059 '{"result":"♡"}'
1450987060 '{"result":"♡"}'
1450987060 '{"result":"♡"}'
1450987061 '{"result":"♡"}'
1450987061 '{"result":"♡"}'
1450987062 '{"result":"♡"}'
1450987062 '{"result":"♡"}'
1450987063 '{"result":"♡"}'
1450987063 '{"result":"♡"}'
1450987058 '{"result":"♡"}'
1450987063 '{"result":"♡"}'
1450987063 '{"result":"♡"}'
1450987063 '{"result":"♡"}'
1450987064 '{"result":"♡"}'
1450987064 '{"result":"♡"}'
1450987064 '{"result":"♡"}'
1450987064 '{"result":"♡"}'
1450987064 '{"result":"♡"}'
1450987064 '{"result":"♡"}'
1450987064 '{"result":"♡"}'
1450987064 '{"result":"♡"}'
1450987064 '{"result":"♡"}'
1450987064 '{"result":"♡"}'
1450987064 '{"result":"♡"}'
1450987064 '{"result":"♡"}'
1450987064 '{"result":"♡"}'
1450987064 '{"result":"♡"}'
1450987064 '{"result":"♡"}'
undefined:1
undefined
^

SyntaxError: Unexpected token u
    at Object.parse (native)
    at Request._callback (/home/www/iotupdates/app.js:21:24)
    at self.callback (/home/www/iotupdates/node_modules/request/request.js:198:22)
    at emitOne (events.js:78:13)
    at Request.emit (events.js:170:7)
    at Request.onRequestError (/home/www/iotupdates/node_modules/request/request.js:820:8)
    at emitOne (events.js:78:13)
    at ClientRequest.emit (events.js:170:7)
    at Socket.socketErrorListener (_http_client.js:266:9)
    at emitOne (events.js:78:13)
error: Forever detected script exited with code: 1
error: Script restart attempt #3
1450987070 '{"result":"♡"}'
1450987070 '{"result":"♡"}'
1450987070 '{"result":"♡"}'
1450987070 '{"result":"♡"}'
1450987070 '{"result":"♡"}'
1450987070 '{"result":"♡"}'
1450987070 '{"result":"♡"}'
1450987070 '{"result":"♡"}'
1450987070 '{"result":"♡"}'
1450987070 '{"result":"♡"}'
1450987070 '{"result":"♡"}'
1450987070 '{"result":"♡"}'
1450987070 '{"result":"♡"}'
1450987070 '{"result":"♡"}'
1450987070 '{"result":"♡"}'
1450987070 '{"result":"♡"}'
1450987070 '{"result":"♡"}'
1450987070 '{"result":"♡"}'
1450987070 '{"result":"♡"}'
1450987070 '{"result":"♡"}'
1450987070 '{"result":"♡"}'
1450987070 '{"result":"♡"}'
1450987070 '{"result":"♡"}'
1450987070 '{"result":"♡"}'
1450987070 '{"result":"♡"}'
1450987072 '{"result":"♡"}'
1450987072 '{"result":"♡"}'
1450987072 '{"result":"♡"}'
1450987072 '{"result":"♡"}'
1450987072 '{"result":"♡"}'
1450987072 '{"result":"♡"}'
1450987070 '{"result":"♡"}'
1450987072 '{"result":"♡"}'
1450987072 '{"result":"♡"}'
1450987072 '{"result":"♡"}'
1450987072 '{"result":"♡"}'
1450987072 '{"result":"♡"}'
1450987072 '{"result":"♡"}'
1450987072 '{"result":"♡"}'
1450987074 '{"result":"♡"}'
1450987070 '{"result":"♡"}'
1450987074 '{"result":"♡"}'
1450987076 '{"result":"♡"}'
1450987076 '{"result":"♡"}'
1450987076 '{"result":"♡"}'
1450987076 '{"result":"♡"}'
1450987077 '{"result":"♡"}'
1450987077 '{"result":"♡"}'
1450987077 '{"result":"♡"}'
1450987077 '{"result":"♡"}'
1450987077 '{"result":"♡"}'
1450987077 '{"result":"♡"}'
1450987077 '{"result":"♡"}'
1450987076 '{"result":"♡"}'
1450987077 '{"result":"♡"}'
1450987077 '{"result":"♡"}'
1450987077 '{"result":"♡"}'
1450987077 '{"result":"♡"}'
1450987077 '{"result":"♡"}'
1450987077 '{"result":"♡"}'
1450987077 '{"result":"♡"}'
1450987077 '{"result":"♡"}'
1450987078 '{"result":"♡"}'
1450987078 '{"result":"♡"}'
1450987077 '{"result":"♡"}'
1450987077 '{"result":"♡"}'
1450987079 '{"result":"♡"}'
1450987078 '{"result":"♡"}'
1450987078 '{"result":"♡"}'
1450987078 '{"result":"♡"}'
1450987078 '{"result":"♡"}'
1450987079 '{"result":"♡"}'
1450987079 '{"result":"♡"}'
1450987079 '{"result":"♡"}'
1450987080 '{"result":"♡"}'
1450987080 '{"result":"♡"}'
1450987080 '{"result":"♡"}'
1450987080 '{"result":"♡"}'
1450987081 '{"result":"♡"}'
1450987081 '{"result":"♡"}'
1450987082 '{"result":"♡"}'
undefined:1
Try again later
^

SyntaxError: Unexpected token T
    at Object.parse (native)
    at Request._callback (/home/www/iotupdates/app.js:21:24)
    at Request.self.callback (/home/www/iotupdates/node_modules/request/request.js:198:22)
    at emitTwo (events.js:88:13)
    at Request.emit (events.js:173:7)
    at Request.<anonymous> (/home/www/iotupdates/node_modules/request/request.js:1035:10)
    at emitOne (events.js:83:20)
    at Request.emit (events.js:170:7)
    at IncomingMessage.<anonymous> (/home/www/iotupdates/node_modules/request/request.js:962:12)
    at emitNone (events.js:73:20)
    at IncomingMessage.emit (events.js:167:7)
error: Forever detected script exited with code: 1
error: Script restart attempt #4
1450987085 '{"result":"♡"}'
1450987085 '{"result":"♡"}'
1450987086 '{"result":"♡"}'
1450987086 '{"result":"♡"}'
1450987086 '{"result":"♡"}'
1450987086 '{"result":"♡"}'
1450987086 '{"result":"♡"}'
1450987086 '{"result":"♡"}'
1450987086 '{"result":"♡"}'
1450987086 '{"result":"♡"}'
1450987086 '{"result":"♡"}'
1450987086 '{"result":"♡"}'
1450987086 '{"result":"♡"}'
1450987086 '{"result":"♡"}'
1450987086 '{"result":"♡"}'
1450987086 '{"result":"♡"}'
1450987086 '{"result":"♡"}'
1450987086 '{"result":"♡"}'
1450987086 '{"result":"♡"}'
1450987085 '{"result":"♡"}'
1450987086 '{"result":"♡"}'
1450987086 '{"result":"♡"}'
1450987086 '{"result":"♡"}'
1450987086 '{"result":"♡"}'
1450987086 '{"result":"♡"}'
1450987086 '{"result":"♡"}'
1450987086 '{"result":"♡"}'
1450987086 '{"result":"♡"}'
1450987086 '{"result":"♡"}'
1450987086 '{"result":"♡"}'
1450987086 '{"result":"♡"}'
1450987086 '{"result":"♡"}'
1450987086 '{"result":"♡"}'
1450987086 '{"result":"♡"}'
1450987086 '{"result":"♡"}'
1450987086 '{"result":"♡"}'
1450987086 '{"result":"♡"}'
1450987087 '{"result":"♡"}'
1450987087 '{"result":"♡"}'
1450987087 '{"result":"♡"}'
1450987087 '{"result":"♡"}'
1450987087 '{"result":"♡"}'
1450987087 '{"result":"♡"}'
1450987089 '{"result":"♡"}'
1450987090 '{"result":"♡"}'
1450987092 '{"result":"♡"}'
1450987092 '{"result":"♡"}'
1450987093 '{"result":"♡"}'
1450987092 '{"result":"♡"}'
1450987093 '{"result":"♡"}'
1450987093 '{"result":"♡"}'
1450987093 '{"result":"♡"}'
1450987093 '{"result":"♡"}'
1450987092 '{"result":"♡"}'
1450987093 '{"result":"♡"}'
1450987093 '{"result":"♡"}'
1450987093 '{"result":"♡"}'
1450987093 '{"result":"♡"}'
1450987093 '{"result":"♡"}'
1450987093 '{"result":"♡"}'
1450987094 '{"result":"♡"}'
1450987094 '{"result":"♡"}'
1450987094 '{"result":"♡"}'
1450987094 '{"result":"♡"}'
1450987094 '{"result":"♡"}'
1450987094 '{"result":"♡"}'
1450987094 '{"result":"♡"}'
1450987094 '{"result":"♡"}'
1450987094 '{"result":"♡"}'
1450987094 '{"result":"♡"}'
1450987094 '{"result":"♡"}'
1450987094 '{"result":"♡"}'
1450987094 '{"result":"♡"}'
1450987094 '{"result":"♡"}'
1450987096 '{"result":"♡"}'
1450987096 '{"result":"♡"}'
1450987096 '{"result":"♡"}'
1450987097 '{"result":"♡"}'
1450987097 '{"result":"♡"}'
1450987097 '{"result":"♡"}'
1450987097 '{"result":"♡"}'
1450987097 '{"result":"♡"}'
1450987097 '{"result":"♡"}'
1450987097 '{"result":"♡"}'
1450987098 '{"result":"♡"}'
1450987098 '{"result":"♡"}'
1450987098 '{"result":"♡"}'
1450987097 '{"result":"♡"}'
1450987098 '{"result":"♡"}'
1450987097 '{"result":"♡"}'
1450987098 '{"result":"♡"}'
1450987098 '{"result":"♡"}'
1450987098 '{"result":"♡"}'
1450987098 '{"result":"♡"}'
1450987098 '{"result":"♡"}'
1450987098 '{"result":"♡"}'
1450987098 '{"result":"♡"}'
1450987098 '{"result":"♡"}'
1450987098 '{"result":"♡"}'
1450987099 '{"result":"♡"}'
1450987099 '{"result":"♡"}'
1450987099 '{"result":"♡"}'
1450987099 '{"result":"♡"}'
1450987099 '{"result":"♡"}'
1450987098 '{"result":"♡"}'
1450987098 '{"result":"♡"}'
1450987098 '{"result":"♡"}'
1450987099 '{"result":"♡"}'
1450987099 '{"result":"♡"}'
1450987099 '{"result":"♡"}'
1450987099 '{"result":"♡"}'
1450987100 '{"result":"♡"}'
1450987100 '{"result":"♡"}'
1450987102 '{"result":"♡"}'
1450987102 '{"result":"♡"}'
1450987102 '{"result":"♡"}'
1450987102 '{"result":"♡"}'
1450987101 '{"result":"♡"}'
1450987103 '{"result":"♡"}'
1450987103 '{"result":"♡"}'
1450987103 '{"result":"♡"}'
1450987102 '{"result":"♡"}'
1450987103 '{"result":"♡"}'
1450987103 '{"result":"♡"}'
1450987103 '{"result":"♡"}'
1450987103 '{"result":"♡"}'
1450987103 '{"result":"♡"}'
1450987104 '{"result":"♡"}'
1450987104 '{"result":"♡"}'
1450987104 '{"result":"♡"}'
1450987104 '{"result":"♡"}'
1450987103 '{"result":"♡"}'
1450987103 '{"result":"♡"}'
1450987104 '{"result":"♡"}'
1450987104 '{"result":"♡"}'
1450987104 '{"result":"♡"}'
1450987105 '{"result":"♡"}'
1450987106 '{"result":"♡"}'
1450987106 '{"result":"♡"}'
1450987106 '{"result":"♡"}'
1450987105 '{"result":"♡"}'
1450987106 '{"result":"♡"}'
1450987107 '{"result":"♡"}'
1450987107 '{"result":"♡"}'
1450987106 '{"result":"♡"}'
1450987107 '{"result":"♡"}'
1450987107 '{"result":"♡"}'
1450987107 '{"result":"♡"}'
1450987106 '{"result":"♡"}'
1450987107 '{"result":"♡"}'
1450987107 '{"result":"♡"}'
1450987107 '{"result":"♡"}'
1450987107 '{"result":"♡"}'
1450987107 '{"result":"♡"}'
1450987107 '{"result":"♡"}'
1450987107 '{"result":"♡"}'
1450987107 '{"result":"♡"}'
1450987107 '{"result":"♡"}'
1450987107 '{"result":"♡"}'
1450987107 '{"result":"♡"}'
1450987107 '{"result":"♡"}'
1450987107 '{"result":"♡"}'
1450987107 '{"result":"♡"}'
1450987107 '{"result":"♡"}'
1450987107 '{"result":"♡"}'
1450987107 '{"result":"♡"}'
1450987107 '{"result":"♡"}'
1450987107 '{"result":"♡"}'
1450987107 '{"result":"♡"}'
1450987108 '{"result":"♡"}'
1450987108 '{"result":"♡"}'
1450987108 '{"result":"♡"}'
1450987107 '{"result":"♡"}'
1450987108 '{"result":"♡"}'
1450987108 '{"result":"♡"}'
1450987110 '{"result":"♡"}'
1450987110 '{"result":"♡"}'
1450987111 '{"result":"♡"}'
1450987111 '{"result":"♡"}'
1450987111 '{"result":"♡"}'
1450987112 '{"result":"♡"}'
1450987112 '{"result":"♡"}'
1450987112 '{"result":"♡"}'
1450987112 '{"result":"♡"}'
1450987112 '{"result":"♡"}'
1450987113 '{"result":"♡"}'
1450987113 '{"result":"♡"}'
1450987113 '{"result":"♡"}'
1450987113 '{"result":"♡"}'
1450987113 '{"result":"♡"}'
1450987114 '{"result":"♡"}'
1450987113 '{"result":"♡"}'
1450987114 '{"result":"♡"}'
1450987114 '{"result":"♡"}'
1450987114 '{"result":"♡"}'
1450987114 '{"result":"♡"}'
1450987114 '{"result":"♡"}'
1450987114 '{"result":"♡"}'
1450987114 '{"result":"♡"}'
1450987114 '{"result":"♡"}'
1450987114 '{"result":"♡"}'
1450987114 '{"result":"♡"}'
1450987114 '{"result":"♡"}'
1450987116 '{"result":"♡"}'
1450987115 '{"result":"♡"}'
1450987115 '{"result":"♡"}'
1450987117 '{"result":"♡"}'
1450987116 '{"result":"♡"}'
1450987117 '{"result":"♡"}'
1450987116 '{"result":"♡"}'
1450987117 '{"result":"♡"}'
1450987117 '{"result":"♡"}'
1450987117 '{"result":"♡"}'
1450987116 '{"result":"♡"}'
1450987116 '{"result":"♡"}'
1450987116 '{"result":"♡"}'
1450987117 '{"result":"♡"}'
1450987116 '{"result":"♡"}'
1450987116 '{"result":"♡"}'
1450987118 '{"result":"♡"}'
1450987118 '{"result":"♡"}'
1450987118 '{"result":"♡"}'
1450987118 '{"result":"♡"}'
1450987118 '{"result":"♡"}'
1450987117 '{"result":"♡"}'
1450987118 '{"result":"♡"}'
1450987118 '{"result":"♡"}'
1450987118 '{"result":"♡"}'
1450987118 '{"result":"♡"}'
1450987119 '{"result":"♡"}'
1450987118 '{"result":"♡"}'
1450987120 '{"result":"♡"}'
1450987120 '{"result":"♡"}'
1450987118 '{"result":"♡"}'
1450987120 '{"result":"♡"}'
1450987120 '{"result":"♡"}'
1450987120 '{"result":"♡"}'
1450987121 '{"result":"♡"}'
1450987121 '{"result":"♡"}'
1450987120 '{"result":"♡"}'
1450987121 '{"result":"♡"}'
1450987121 '{"result":"♡"}'
1450987121 '{"result":"♡"}'
1450987121 '{"result":"♡"}'
1450987121 '{"result":"♡"}'
1450987121 '{"result":"♡"}'
1450987121 '{"result":"♡"}'
1450987121 '{"result":"♡"}'
1450987122 '{"result":"♡"}'
1450987122 '{"result":"♡"}'
1450987122 '{"result":"♡"}'
1450987122 '{"result":"♡"}'
1450987121 '{"result":"♡"}'
1450987122 '{"result":"♡"}'
1450987122 '{"result":"♡"}'
1450987122 '{"result":"♡"}'
1450987121 '{"result":"♡"}'
1450987123 '{"result":"♡"}'
1450987123 '{"result":"♡"}'
1450987123 '{"result":"♡"}'
1450987123 '{"result":"♡"}'
1450987123 '{"result":"♡"}'
1450987123 '{"result":"♡"}'
1450987123 '{"result":"♡"}'
1450987124 '{"result":"♡"}'
1450987123 '{"result":"♡"}'
1450987123 '{"result":"♡"}'
1450987123 '{"result":"♡"}'
1450987123 '{"result":"♡"}'
1450987123 '{"result":"♡"}'
1450987123 '{"result":"♡"}'
1450987124 '{"result":"♡"}'
1450987125 '{"result":"♡"}'
1450987125 '{"result":"♡"}'
1450987125 '{"result":"♡"}'
1450987125 '{"result":"♡"}'
1450987125 '{"result":"♡"}'
1450987125 '{"result":"♡"}'
1450987125 '{"result":"♡"}'
1450987126 '{"result":"♡"}'
1450987125 '{"result":"♡"}'
1450987125 '{"result":"♡"}'
1450987127 '{"result":"♡"}'
1450987127 '{"result":"♡"}'
1450987127 '{"result":"♡"}'
1450987126 '{"result":"♡"}'
1450987128 '{"result":"♡"}'
1450987128 '{"result":"♡"}'
1450987128 '{"result":"♡"}'
1450987128 '{"result":"♡"}'
1450987128 '{"result":"♡"}'
1450987127 '{"result":"♡"}'
1450987128 '{"result":"♡"}'
1450987129 '{"result":"♡"}'
1450987129 '{"result":"♡"}'
1450987129 '{"result":"♡"}'
1450987129 '{"result":"♡"}'
1450987129 '{"result":"♡"}'
1450987129 '{"result":"♡"}'
1450987129 '{"result":"♡"}'
1450987129 '{"result":"♡"}'
1450987129 '{"result":"♡"}'
1450987128 '{"result":"♡"}'
1450987128 '{"result":"♡"}'
1450987129 '{"result":"♡"}'
1450987128 '{"result":"♡"}'
1450987129 '{"result":"♡"}'
1450987129 '{"result":"♡"}'
1450987129 '{"result":"♡"}'
1450987130 '{"result":"♡"}'
1450987130 '{"result":"♡"}'
1450987130 '{"result":"♡"}'
1450987131 '{"result":"♡"}'
1450987131 '{"result":"♡"}'
1450987131 '{"result":"♡"}'
1450987131 '{"result":"♡"}'
1450987131 '{"result":"♡"}'
1450987131 '{"result":"♡"}'
1450987131 '{"result":"♡"}'
1450987131 '{"result":"♡"}'
1450987131 '{"result":"♡"}'
1450987132 '{"result":"♡"}'
1450987133 '{"result":"♡"}'
1450987133 '{"result":"♡"}'
1450987133 '{"result":"♡"}'
1450987132 '{"result":"♡"}'
1450987133 '{"result":"♡"}'
1450987133 '{"result":"♡"}'
1450987133 '{"result":"♡"}'
1450987133 '{"result":"♡"}'
1450987133 '{"result":"♡"}'
1450987133 '{"result":"♡"}'
1450987133 '{"result":"♡"}'
1450987133 '{"result":"♡"}'
1450987134 '{"result":"♡"}'
1450987134 '{"result":"♡"}'
1450987134 '{"result":"♡"}'
1450987134 '{"result":"♡"}'
1450987134 '{"result":"♡"}'
1450987134 '{"result":"♡"}'
1450987133 '{"result":"♡"}'
1450987133 '{"result":"♡"}'
1450987133 '{"result":"♡"}'
1450987134 '{"result":"♡"}'
1450987134 '{"result":"♡"}'
1450987134 '{"result":"♡"}'
1450987135 '{"result":"♡"}'
1450987135 '{"result":"♡"}'
1450987135 '{"result":"♡"}'
1450987135 '{"result":"♡"}'
1450987135 '{"result":"♡"}'
1450987135 '{"result":"♡"}'
1450987135 '{"result":"♡"}'
1450987135 '{"result":"♡"}'
1450987135 '{"result":"♡"}'
1450987135 '{"result":"♡"}'
1450987135 '{"result":"♡"}'
1450987134 '{"result":"♡"}'
1450987136 '{"result":"♡"}'
1450987136 '{"result":"♡"}'
1450987136 '{"result":"♡"}'
1450987136 '{"result":"♡"}'
1450987136 '{"result":"♡"}'
1450987135 '{"result":"♡"}'
1450987138 '{"result":"♡"}'
1450987138 '{"result":"♡"}'
1450987139 '{"result":"♡"}'
1450987139 '{"result":"♡"}'
1450987139 '{"result":"♡"}'
1450987139 '{"result":"♡"}'
1450987140 '{"result":"♡"}'
1450987140 '{"result":"♡"}'
1450987140 '{"result":"♡"}'
1450987140 '{"result":"♡"}'
1450987139 '{"result":"♡"}'
1450987140 '{"result":"♡"}'
1450987140 '{"result":"♡"}'
1450987139 '{"result":"♡"}'
1450987140 '{"result":"♡"}'
1450987140 '{"result":"♡"}'
1450987140 '{"result":"♡"}'
1450987140 '{"result":"♡"}'
1450987140 '{"result":"♡"}'
1450987140 '{"result":"♡"}'
1450987140 '{"result":"♡"}'
1450987140 '{"result":"♡"}'
1450987140 '{"result":"♡"}'
1450987140 '{"result":"♡"}'
1450987140 '{"result":"♡"}'
1450987140 '{"result":"♡"}'
1450987141 '{"result":"♡"}'
1450987141 '{"result":"♡"}'
1450987141 '{"result":"♡"}'
1450987142 '{"result":"♡"}'
1450987141 '{"result":"♡"}'
1450987141 '{"result":"♡"}'
1450987144 '{"result":"♡"}'
1450987144 '{"result":"♡"}'
1450987144 '{"result":"♡"}'
1450987144 '{"result":"♡"}'
1450987142 '{"result":"♡"}'
1450987144 '{"result":"♡"}'
1450987143 '{"result":"♡"}'
1450987144 '{"result":"♡"}'
1450987145 '{"result":"♡"}'
1450987145 '{"result":"♡"}'
1450987144 '{"result":"♡"}'
1450987144 '{"result":"♡"}'
1450987145 '{"result":"♡"}'
1450987145 '{"result":"♡"}'
1450987145 '{"result":"♡"}'
1450987145 '{"result":"♡"}'
1450987144 '{"result":"♡"}'
1450987145 '{"result":"♡"}'
1450987145 '{"result":"♡"}'
1450987145 '{"result":"♡"}'
1450987145 '{"result":"♡"}'
1450987145 '{"result":"♡"}'
1450987145 '{"result":"♡"}'
1450987145 '{"result":"♡"}'
1450987145 '{"result":"♡"}'
1450987145 '{"result":"♡"}'
1450987146 '{"result":"♡"}'
1450987146 '{"result":"♡"}'
1450987146 '{"result":"♡"}'
1450987146 '{"result":"♡"}'
1450987145 '{"result":"♡"}'
1450987146 '{"result":"♡"}'
1450987146 '{"result":"♡"}'
1450987146 '{"result":"♡"}'
1450987146 '{"result":"♡"}'
1450987146 '{"result":"♡"}'
1450987146 '{"result":"♡"}'
1450987146 '{"result":"♡"}'
1450987146 '{"result":"♡"}'
1450987146 '{"result":"♡"}'
1450987146 '{"result":"♡"}'
1450987146 '{"result":"♡"}'
1450987146 '{"result":"♡"}'
1450987146 '{"result":"♡"}'
1450987146 '{"result":"♡"}'
1450987146 '{"result":"♡"}'
1450987146 '{"result":"♡"}'
1450987147 '{"result":"♡"}'
1450987148 '{"result":"♡"}'
1450987147 '{"result":"♡"}'
1450987149 '{"result":"♡"}'
1450987147 '{"result":"♡"}'
1450987147 '{"result":"♡"}'
1450987148 '{"result":"♡"}'
1450987150 '{"result":"♡"}'
1450987146 '{"result":"♡"}'
error: Forever detected script was killed by signal: SIGKILL
error: Script restart attempt #5
error: Forever detected script was killed by signal: SIGKILL
error: Script restart attempt #6
