1450990504 '{"result":"♡"}'
1450991105 '{"result":"♡"}'
1450991706 '{"result":"♡"}'
1450992305 '{"result":"♡"}'
1450992904 '{"result":"♡"}'
1450993504 '{"result":"♡"}'
1450994104 '{"result":"♡"}'
1450994710 '{"result":"♡"}'
1450995305 '{"result":"♡"}'
1450995905 '{"result":"♡"}'
1450996510 '{"result":"♡"}'
1450997105 '{"result":"♡"}'
1450997705 '{"result":"♡"}'
1450998305 '{"result":"♡"}'
1450998905 '{"result":"♡"}'
1450999505 '{"result":"♡"}'
1451000105 '{"result":"♡"}'
1451000706 '{"result":"♡"}'
1451001305 '{"result":"♡"}'
1451001905 '{"result":"♡"}'
1451002506 '{"result":"♡"}'
1451003106 '{"result":"♡"}'
1451003706 '{"result":"♡"}'
1451004306 '{"result":"♡"}'
1451004906 '{"result":"♡"}'
1451005506 '{"result":"♡"}'
1451006106 '{"result":"♡"}'
1451006706 '{"result":"♡"}'
1451007306 '{"result":"♡"}'
1451007906 '{"result":"♡"}'
1451008506 '{"result":"♡"}'
1451009106 '{"result":"♡"}'
1451009706 '{"result":"♡"}'
1451010306 '{"result":"♡"}'
1451010907 '{"result":"♡"}'
1451011506 '{"result":"♡"}'
1451012107 '{"result":"♡"}'
1451012707 '{"result":"♡"}'
1451013307 '{"result":"♡"}'
1451013907 '{"result":"♡"}'
1451014507 '{"result":"♡"}'
1451015107 '{"result":"♡"}'
1451015707 '{"result":"♡"}'
1451016307 '{"result":"♡"}'
1451016907 '{"result":"♡"}'
1451017507 '{"result":"♡"}'
1451018107 '{"result":"♡"}'
1451018708 '{"result":"♡"}'
1451019307 '{"result":"♡"}'
1451019907 '{"result":"♡"}'
1451020508 '{"result":"♡"}'
1451021108 '{"result":"♡"}'
1451021708 '{"result":"♡"}'
1451022308 '{"result":"♡"}'
1451022908 '{"result":"♡"}'
1451023508 '{"result":"♡"}'
1451024109 '{"result":"♡"}'
1451024708 '{"result":"♡"}'
1451025308 '{"result":"♡"}'
1451025908 '{"result":"♡"}'
1451026508 '{"result":"♡"}'
1451027109 '{"result":"♡"}'
1451027708 '{"result":"♡"}'
1451028311 '{"result":"♡"}'
1451028910 '{"result":"♡"}'
1451029510 '{"result":"♡"}'
1451030108 '{"result":"♡"}'
1451030708 '{"result":"♡"}'
1451031309 '{"result":"♡"}'
1451031909 '{"result":"♡"}'
1451032509 '{"result":"♡"}'
1451033109 '{"result":"♡"}'
1451033709 '{"result":"♡"}'
1451034313 '{"result":"♡"}'
1451034909 '{"result":"♡"}'
1451035509 '{"result":"♡"}'
1451036109 '{"result":"♡"}'
1451036710 '{"result":"♡"}'
1451037309 '{"result":"♡"}'
1451037909 '{"result":"♡"}'
1451038511 '{"result":"♡"}'
1451039109 '{"result":"♡"}'
1451039710 '{"result":"♡"}'
1451040310 '{"result":"♡"}'
1451040910 '{"result":"♡"}'
1451041510 '{"result":"♡"}'
1451042110 '{"result":"♡"}'
1451042710 '{"result":"♡"}'
1451043310 '{"result":"♡"}'
1451043910 '{"result":"♡"}'
1451044510 '{"result":"♡"}'
1451045110 '{"result":"♡"}'
1451045710 '{"result":"♡"}'
1451046310 '{"result":"♡"}'
1451046910 '{"result":"♡"}'
1451047510 '{"result":"♡"}'
1451048111 '{"result":"♡"}'
1451048710 '{"result":"♡"}'
1451049311 '{"result":"♡"}'
1451049912 '{"result":"♡"}'
1451050511 '{"result":"♡"}'
1451051110 '{"result":"♡"}'
1451051710 '{"result":"♡"}'
1451052311 '{"result":"♡"}'
1451052910 '{"result":"♡"}'
1451053513 '{"result":"♡"}'
1451054110 '{"result":"♡"}'
1451054711 '{"result":"♡"}'
1451055311 '{"result":"♡"}'
1451055911 '{"result":"♡"}'
1451056511 '{"result":"♡"}'
1451057111 '{"result":"♡"}'
1451057711 '{"result":"♡"}'
1451058311 '{"result":"♡"}'
1451058911 '{"result":"♡"}'
1451059511 '{"result":"♡"}'
1451060111 '{"result":"♡"}'
1451060712 '{"result":"♡"}'
1451061311 '{"result":"♡"}'
1451061912 '{"result":"♡"}'
1451062511 '{"result":"♡"}'
1451063111 '{"result":"♡"}'
1451063712 '{"result":"♡"}'
1451064312 '{"result":"♡"}'
1451064912 '{"result":"♡"}'
1451065512 '{"result":"♡"}'
1451066112 '{"result":"♡"}'
1451066712 '{"result":"♡"}'
1451067312 '{"result":"♡"}'
1451067912 '{"result":"♡"}'
1451068512 '{"result":"♡"}'
1451069112 '{"result":"♡"}'
1451069712 '{"result":"♡"}'
1451070312 '{"result":"♡"}'
1451070912 '{"result":"♡"}'
1451071513 '{"result":"♡"}'
1451072113 '{"result":"♡"}'
1451072713 '{"result":"♡"}'
1451073312 '{"result":"♡"}'
1451073913 '{"result":"♡"}'
1451074512 '{"result":"♡"}'
1451075112 '{"result":"♡"}'
1451075713 '{"result":"♡"}'
1451076313 '{"result":"♡"}'
1451076913 '{"result":"♡"}'
1451077515 '{"result":"♡"}'
1451078113 '{"result":"♡"}'
1451078713 '{"result":"♡"}'
1451079313 '{"result":"♡"}'
1451079913 '{"result":"♡"}'
1451080513 '{"result":"♡"}'
1451081113 '{"result":"♡"}'
1451081713 '{"result":"♡"}'
