1450987736 '{"result":"♡"}'
1450987736 '{"result":"♡"}'
1450987736 '{"result":"♡"}'
1450987736 '{"result":"♡"}'
1450987736 '{"result":"♡"}'
1450987736 '{"result":"♡"}'
1450987736 '{"result":"♡"}'
1450987736 '{"result":"♡"}'
1450987736 '{"result":"♡"}'
1450987736 '{"result":"♡"}'
1450987736 '{"result":"♡"}'
1450987736 '{"result":"♡"}'
1450987736 '{"result":"♡"}'
1450987736 '{"result":"♡"}'
1450987736 '{"result":"♡"}'
1450987736 '{"result":"♡"}'
1450987736 '{"result":"♡"}'
1450987736 '{"result":"♡"}'
1450987736 '{"result":"♡"}'
1450987736 '{"result":"♡"}'
1450987736 '{"result":"♡"}'
1450987736 '{"result":"♡"}'
1450987736 '{"result":"♡"}'
1450987736 '{"result":"♡"}'
1450987736 '{"result":"♡"}'
1450987736 '{"result":"♡"}'
1450987737 '{"result":"♡"}'
1450987737 '{"result":"♡"}'
1450987737 '{"result":"♡"}'
1450987737 '{"result":"♡"}'
1450987737 '{"result":"♡"}'
1450987737 '{"result":"♡"}'
1450987736 '{"result":"♡"}'
1450987737 '{"result":"♡"}'
1450987737 '{"result":"♡"}'
1450987740 '{"result":"♡"}'
1450987738 '{"result":"♡"}'
1450987741 '{"result":"♡"}'
1450987741 '{"result":"♡"}'
1450987741 '{"result":"♡"}'
undefined:1
Try again later
^

SyntaxError: Unexpected token T
    at Object.parse (native)
    at Request._callback (/home/www/iotupdates/app.js:21:24)
    at Request.self.callback (/home/www/iotupdates/node_modules/request/request.js:198:22)
    at emitTwo (events.js:88:13)
    at Request.emit (events.js:173:7)
    at Request.<anonymous> (/home/www/iotupdates/node_modules/request/request.js:1035:10)
    at emitOne (events.js:83:20)
    at Request.emit (events.js:170:7)
    at IncomingMessage.<anonymous> (/home/www/iotupdates/node_modules/request/request.js:962:12)
    at emitNone (events.js:73:20)
error: Forever detected script exited with code: 1
error: Script restart attempt #1
1450987745 '{"result":"♡"}'
1450987746 '{"result":"♡"}'
1450987746 '{"result":"♡"}'
1450987746 '{"result":"♡"}'
1450987746 '{"result":"♡"}'
1450987746 '{"result":"♡"}'
1450987746 '{"result":"♡"}'
1450987746 '{"result":"♡"}'
1450987746 '{"result":"♡"}'
1450987746 '{"result":"♡"}'
1450987746 '{"result":"♡"}'
1450987746 '{"result":"♡"}'
1450987746 '{"result":"♡"}'
1450987746 '{"result":"♡"}'
1450987746 '{"result":"♡"}'
1450987746 '{"result":"♡"}'
1450987746 '{"result":"♡"}'
1450987746 '{"result":"♡"}'
1450987746 '{"result":"♡"}'
1450987746 '{"result":"♡"}'
1450987746 '{"result":"♡"}'
1450987748 '{"result":"♡"}'
1450987748 '{"result":"♡"}'
1450987748 '{"result":"♡"}'
1450987748 '{"result":"♡"}'
1450987748 '{"result":"♡"}'
1450987746 '{"result":"♡"}'
1450987749 '{"result":"♡"}'
1450987749 '{"result":"♡"}'
1450987749 '{"result":"♡"}'
1450987748 '{"result":"♡"}'
1450987749 '{"result":"♡"}'
1450987750 '{"result":"♡"}'
1450987750 '{"result":"♡"}'
1450987751 '{"result":"♡"}'
1450987751 '{"result":"♡"}'
1450987751 '{"result":"♡"}'
1450987751 '{"result":"♡"}'
1450987751 '{"result":"♡"}'
1450987751 '{"result":"♡"}'
1450987752 '{"result":"♡"}'
1450987752 '{"result":"♡"}'
1450987752 '{"result":"♡"}'
1450987752 '{"result":"♡"}'
1450987752 '{"result":"♡"}'
1450987752 '{"result":"♡"}'
1450987752 '{"result":"♡"}'
1450987753 '{"result":"♡"}'
1450987752 '{"result":"♡"}'
1450987753 '{"result":"♡"}'
1450987753 '{"result":"♡"}'
1450987753 '{"result":"♡"}'
1450987753 '{"result":"♡"}'
1450987753 '{"result":"♡"}'
1450987754 '{"result":"♡"}'
1450987754 '{"result":"♡"}'
1450987753 '{"result":"♡"}'
1450987754 '{"result":"♡"}'
1450987755 '{"result":"♡"}'
1450987755 '{"result":"♡"}'
1450987755 '{"result":"♡"}'
1450987755 '{"result":"♡"}'
1450987755 '{"result":"♡"}'
1450987756 '{"result":"♡"}'
1450987756 '{"result":"♡"}'
1450987755 '{"result":"♡"}'
1450987756 '{"result":"♡"}'
1450987756 '{"result":"♡"}'
1450987756 '{"result":"♡"}'
1450987756 '{"result":"♡"}'
1450987756 '{"result":"♡"}'
1450987756 '{"result":"♡"}'
1450987756 '{"result":"♡"}'
1450987756 '{"result":"♡"}'
1450987757 '{"result":"♡"}'
1450987757 '{"result":"♡"}'
1450987757 '{"result":"♡"}'
1450987757 '{"result":"♡"}'
1450987757 '{"result":"♡"}'
1450987757 '{"result":"♡"}'
1450987757 '{"result":"♡"}'
1450987757 '{"result":"♡"}'
1450987757 '{"result":"♡"}'
1450987757 '{"result":"♡"}'
1450987758 '{"result":"♡"}'
1450987758 '{"result":"♡"}'
1450987758 '{"result":"♡"}'
1450987758 '{"result":"♡"}'
1450987759 '{"result":"♡"}'
1450987759 '{"result":"♡"}'
1450987758 '{"result":"♡"}'
1450987759 '{"result":"♡"}'
1450987759 '{"result":"♡"}'
1450987760 '{"result":"♡"}'
1450987760 '{"result":"♡"}'
1450987759 '{"result":"♡"}'
1450987759 '{"result":"♡"}'
1450987760 '{"result":"♡"}'
1450987759 '{"result":"♡"}'
1450987760 '{"result":"♡"}'
1450987760 '{"result":"♡"}'
1450987760 '{"result":"♡"}'
1450987760 '{"result":"♡"}'
1450987760 '{"result":"♡"}'
1450987760 '{"result":"♡"}'
1450987760 '{"result":"♡"}'
1450987761 '{"result":"♡"}'
1450987761 '{"result":"♡"}'
1450987761 '{"result":"♡"}'
1450987761 '{"result":"♡"}'
1450987762 '{"result":"♡"}'
1450987762 '{"result":"♡"}'
1450987762 '{"result":"♡"}'
1450987762 '{"result":"♡"}'
1450987762 '{"result":"♡"}'
1450987763 '{"result":"♡"}'
1450987763 '{"result":"♡"}'
1450987763 '{"result":"♡"}'
1450987763 '{"result":"♡"}'
1450987763 '{"result":"♡"}'
1450987763 '{"result":"♡"}'
1450987764 '{"result":"♡"}'
1450987764 '{"result":"♡"}'
1450987764 '{"result":"♡"}'
1450987764 '{"result":"♡"}'
1450987764 '{"result":"♡"}'
1450987764 '{"result":"♡"}'
1450987765 '{"result":"♡"}'
1450987764 '{"result":"♡"}'
1450987765 '{"result":"♡"}'
1450987765 '{"result":"♡"}'
1450987765 '{"result":"♡"}'
1450987765 '{"result":"♡"}'
1450987766 '{"result":"♡"}'
1450987766 '{"result":"♡"}'
1450987766 '{"result":"♡"}'
1450987766 '{"result":"♡"}'
1450987766 '{"result":"♡"}'
1450987766 '{"result":"♡"}'
1450987766 '{"result":"♡"}'
1450987766 '{"result":"♡"}'
1450987766 '{"result":"♡"}'
1450987766 '{"result":"♡"}'
1450987767 '{"result":"♡"}'
1450987767 '{"result":"♡"}'
1450987767 '{"result":"♡"}'
1450987767 '{"result":"♡"}'
1450987767 '{"result":"♡"}'
1450987767 '{"result":"♡"}'
1450987768 '{"result":"♡"}'
1450987768 '{"result":"♡"}'
1450987768 '{"result":"♡"}'
1450987768 '{"result":"♡"}'
1450987768 '{"result":"♡"}'
1450987768 '{"result":"♡"}'
1450987768 '{"result":"♡"}'
1450987768 '{"result":"♡"}'
1450987769 '{"result":"♡"}'
1450987769 '{"result":"♡"}'
1450987769 '{"result":"♡"}'
1450987769 '{"result":"♡"}'
1450987769 '{"result":"♡"}'
1450987770 '{"result":"♡"}'
1450987770 '{"result":"♡"}'
1450987769 '{"result":"♡"}'
1450987770 '{"result":"♡"}'
1450987770 '{"result":"♡"}'
1450987770 '{"result":"♡"}'
1450987770 '{"result":"♡"}'
1450987770 '{"result":"♡"}'
1450987771 '{"result":"♡"}'
1450987771 '{"result":"♡"}'
1450987771 '{"result":"♡"}'
1450987771 '{"result":"♡"}'
1450987771 '{"result":"♡"}'
1450987771 '{"result":"♡"}'
1450987772 '{"result":"♡"}'
1450987772 '{"result":"♡"}'
1450987772 '{"result":"♡"}'
1450987772 '{"result":"♡"}'
1450987772 '{"result":"♡"}'
1450987772 '{"result":"♡"}'
1450987772 '{"result":"♡"}'
1450987772 '{"result":"♡"}'
1450987772 '{"result":"♡"}'
1450987772 '{"result":"♡"}'
1450987773 '{"result":"♡"}'
1450987773 '{"result":"♡"}'
1450987773 '{"result":"♡"}'
1450987773 '{"result":"♡"}'
1450987773 '{"result":"♡"}'
1450987773 '{"result":"♡"}'
1450987773 '{"result":"♡"}'
1450987774 '{"result":"♡"}'
1450987773 '{"result":"♡"}'
1450987774 '{"result":"♡"}'
1450987773 '{"result":"♡"}'
1450987774 '{"result":"♡"}'
1450987774 '{"result":"♡"}'
1450987774 '{"result":"♡"}'
1450987775 '{"result":"♡"}'
1450987775 '{"result":"♡"}'
1450987776 '{"result":"♡"}'
1450987776 '{"result":"♡"}'
1450987776 '{"result":"♡"}'
1450987776 '{"result":"♡"}'
1450987776 '{"result":"♡"}'
1450987776 '{"result":"♡"}'
1450987776 '{"result":"♡"}'
1450987776 '{"result":"♡"}'
1450987776 '{"result":"♡"}'
1450987776 '{"result":"♡"}'
1450987776 '{"result":"♡"}'
1450987777 '{"result":"♡"}'
1450987777 '{"result":"♡"}'
1450987777 '{"result":"♡"}'
1450987777 '{"result":"♡"}'
1450987776 '{"result":"♡"}'
1450987777 '{"result":"♡"}'
1450987776 '{"result":"♡"}'
1450987777 '{"result":"♡"}'
1450987777 '{"result":"♡"}'
1450987777 '{"result":"♡"}'
1450987777 '{"result":"♡"}'
1450987777 '{"result":"♡"}'
1450987778 '{"result":"♡"}'
1450987778 '{"result":"♡"}'
1450987778 '{"result":"♡"}'
1450987778 '{"result":"♡"}'
1450987777 '{"result":"♡"}'
1450987779 '{"result":"♡"}'
1450987780 '{"result":"♡"}'
1450987780 '{"result":"♡"}'
1450987780 '{"result":"♡"}'
1450987780 '{"result":"♡"}'
1450987780 '{"result":"♡"}'
1450987780 '{"result":"♡"}'
1450987780 '{"result":"♡"}'
1450987780 '{"result":"♡"}'
1450987776 '{"result":"♡"}'
1450987781 '{"result":"♡"}'
1450987781 '{"result":"♡"}'
1450987781 '{"result":"♡"}'
1450987781 '{"result":"♡"}'
1450987780 '{"result":"♡"}'
1450987781 '{"result":"♡"}'
1450987782 '{"result":"♡"}'
1450987782 '{"result":"♡"}'
1450987782 '{"result":"♡"}'
1450987781 '{"result":"♡"}'
1450987782 '{"result":"♡"}'
1450987782 '{"result":"♡"}'
1450987782 '{"result":"♡"}'
1450987782 '{"result":"♡"}'
1450987782 '{"result":"♡"}'
1450987782 '{"result":"♡"}'
1450987782 '{"result":"♡"}'
1450987782 '{"result":"♡"}'
1450987782 '{"result":"♡"}'
1450987782 '{"result":"♡"}'
1450987782 '{"result":"♡"}'
1450987782 '{"result":"♡"}'
1450987782 '{"result":"♡"}'
1450987782 '{"result":"♡"}'
1450987784 '{"result":"♡"}'
1450987783 '{"result":"♡"}'
1450987785 '{"result":"♡"}'
1450987783 '{"result":"♡"}'
1450987785 '{"result":"♡"}'
1450987785 '{"result":"♡"}'
1450987785 '{"result":"♡"}'
1450987785 '{"result":"♡"}'
1450987785 '{"result":"♡"}'
1450987785 '{"result":"♡"}'
1450987786 '{"result":"♡"}'
1450987786 '{"result":"♡"}'
1450987784 '{"result":"♡"}'
1450987784 '{"result":"♡"}'
1450987785 '{"result":"♡"}'
1450987786 '{"result":"♡"}'
1450987786 '{"result":"♡"}'
1450987786 '{"result":"♡"}'
1450987786 '{"result":"♡"}'
1450987786 '{"result":"♡"}'
1450987786 '{"result":"♡"}'
1450987786 '{"result":"♡"}'
1450987786 '{"result":"♡"}'
1450987786 '{"result":"♡"}'
1450987787 '{"result":"♡"}'
1450987787 '{"result":"♡"}'
1450987787 '{"result":"♡"}'
1450987788 '{"result":"♡"}'
1450987788 '{"result":"♡"}'
1450987788 '{"result":"♡"}'
1450987788 '{"result":"♡"}'
1450987789 '{"result":"♡"}'
1450987788 '{"result":"♡"}'
1450987788 '{"result":"♡"}'
1450987788 '{"result":"♡"}'
1450987789 '{"result":"♡"}'
1450987789 '{"result":"♡"}'
1450987789 '{"result":"♡"}'
1450987790 '{"result":"♡"}'
1450987790 '{"result":"♡"}'
1450987790 '{"result":"♡"}'
1450987790 '{"result":"♡"}'
1450987790 '{"result":"♡"}'
1450987790 '{"result":"♡"}'
1450987790 '{"result":"♡"}'
1450987790 '{"result":"♡"}'
1450987790 '{"result":"♡"}'
1450987791 '{"result":"♡"}'
1450987790 '{"result":"♡"}'
1450987790 '{"result":"♡"}'
1450987791 '{"result":"♡"}'
1450987791 '{"result":"♡"}'
1450987791 '{"result":"♡"}'
1450987792 '{"result":"♡"}'
1450987792 '{"result":"♡"}'
1450987792 '{"result":"♡"}'
1450987792 '{"result":"♡"}'
1450987792 '{"result":"♡"}'
1450987792 '{"result":"♡"}'
1450987793 '{"result":"♡"}'
1450987793 '{"result":"♡"}'
1450987793 '{"result":"♡"}'
1450987793 '{"result":"♡"}'
1450987793 '{"result":"♡"}'
1450987793 '{"result":"♡"}'
1450987794 '{"result":"♡"}'
1450987794 '{"result":"♡"}'
1450987794 '{"result":"♡"}'
1450987794 '{"result":"♡"}'
1450987794 '{"result":"♡"}'
1450987794 '{"result":"♡"}'
1450987794 '{"result":"♡"}'
1450987795 '{"result":"♡"}'
1450987795 '{"result":"♡"}'
1450987793 '{"result":"♡"}'
1450987795 '{"result":"♡"}'
1450987795 '{"result":"♡"}'
1450987795 '{"result":"♡"}'
1450987795 '{"result":"♡"}'
1450987795 '{"result":"♡"}'
1450987795 '{"result":"♡"}'
1450987796 '{"result":"♡"}'
1450987795 '{"result":"♡"}'
1450987796 '{"result":"♡"}'
1450987796 '{"result":"♡"}'
1450987795 '{"result":"♡"}'
1450987797 '{"result":"♡"}'
1450987796 '{"result":"♡"}'
1450987797 '{"result":"♡"}'
1450987797 '{"result":"♡"}'
1450987797 '{"result":"♡"}'
1450987797 '{"result":"♡"}'
1450987797 '{"result":"♡"}'
1450987797 '{"result":"♡"}'
1450987797 '{"result":"♡"}'
1450987797 '{"result":"♡"}'
1450987797 '{"result":"♡"}'
1450987798 '{"result":"♡"}'
1450987798 '{"result":"♡"}'
1450987797 '{"result":"♡"}'
1450987798 '{"result":"♡"}'
1450987797 '{"result":"♡"}'
1450987798 '{"result":"♡"}'
1450987798 '{"result":"♡"}'
1450987797 '{"result":"♡"}'
1450987798 '{"result":"♡"}'
1450987798 '{"result":"♡"}'
1450987798 '{"result":"♡"}'
1450987799 '{"result":"♡"}'
1450987800 '{"result":"♡"}'
1450987800 '{"result":"♡"}'
1450987799 '{"result":"♡"}'
1450987800 '{"result":"♡"}'
1450987800 '{"result":"♡"}'
1450987800 '{"result":"♡"}'
1450987801 '{"result":"♡"}'
1450987800 '{"result":"♡"}'
1450987801 '{"result":"♡"}'
1450987801 '{"result":"♡"}'
1450987801 '{"result":"♡"}'
undefined:1
Try again later
^

SyntaxError: Unexpected token T
    at Object.parse (native)
    at Request._callback (/home/www/iotupdates/app.js:21:24)
    at Request.self.callback (/home/www/iotupdates/node_modules/request/request.js:198:22)
    at emitTwo (events.js:88:13)
    at Request.emit (events.js:173:7)
    at Request.<anonymous> (/home/www/iotupdates/node_modules/request/request.js:1035:10)
    at emitOne (events.js:83:20)
    at Request.emit (events.js:170:7)
    at IncomingMessage.<anonymous> (/home/www/iotupdates/node_modules/request/request.js:962:12)
    at emitNone (events.js:73:20)
    at IncomingMessage.emit (events.js:167:7)
error: Forever detected script exited with code: 1
error: Script restart attempt #2
1450987805 '{"result":"♡"}'
1450987805 '{"result":"♡"}'
1450987805 '{"result":"♡"}'
1450987805 '{"result":"♡"}'
1450987805 '{"result":"♡"}'
1450987805 '{"result":"♡"}'
1450987805 '{"result":"♡"}'
1450987805 '{"result":"♡"}'
1450987805 '{"result":"♡"}'
1450987805 '{"result":"♡"}'
1450987805 '{"result":"♡"}'
1450987805 '{"result":"♡"}'
1450987805 '{"result":"♡"}'
1450987805 '{"result":"♡"}'
1450987805 '{"result":"♡"}'
1450987805 '{"result":"♡"}'
1450987805 '{"result":"♡"}'
1450987805 '{"result":"♡"}'
1450987805 '{"result":"♡"}'
1450987805 '{"result":"♡"}'
1450987805 '{"result":"♡"}'
1450987805 '{"result":"♡"}'
1450987805 '{"result":"♡"}'
1450987805 '{"result":"♡"}'
1450987805 '{"result":"♡"}'
1450987805 '{"result":"♡"}'
1450987805 '{"result":"♡"}'
1450987805 '{"result":"♡"}'
1450987805 '{"result":"♡"}'
1450987805 '{"result":"♡"}'
1450987805 '{"result":"♡"}'
1450987806 '{"result":"♡"}'
1450987806 '{"result":"♡"}'
1450987806 '{"result":"♡"}'
1450987805 '{"result":"♡"}'
1450987805 '{"result":"♡"}'
1450987805 '{"result":"♡"}'
1450987806 '{"result":"♡"}'
1450987806 '{"result":"♡"}'
1450987806 '{"result":"♡"}'
1450987808 '{"result":"♡"}'
1450987806 '{"result":"♡"}'
1450987806 '{"result":"♡"}'
1450987808 '{"result":"♡"}'
1450987808 '{"result":"♡"}'
1450987806 '{"result":"♡"}'
1450987808 '{"result":"♡"}'
1450987808 '{"result":"♡"}'
1450987809 '{"result":"♡"}'
1450987811 '{"result":"♡"}'
1450987810 '{"result":"♡"}'
1450987812 '{"result":"♡"}'
1450987812 '{"result":"♡"}'
1450987813 '{"result":"♡"}'
1450987813 '{"result":"♡"}'
1450987813 '{"result":"♡"}'
1450987813 '{"result":"♡"}'
1450987813 '{"result":"♡"}'
1450987813 '{"result":"♡"}'
1450987813 '{"result":"♡"}'
1450987813 '{"result":"♡"}'
1450987814 '{"result":"♡"}'
1450987814 '{"result":"♡"}'
1450987814 '{"result":"♡"}'
1450987814 '{"result":"♡"}'
1450987814 '{"result":"♡"}'
1450987814 '{"result":"♡"}'
1450987815 '{"result":"♡"}'
1450987815 '{"result":"♡"}'
1450987815 '{"result":"♡"}'
1450987815 '{"result":"♡"}'
1450987815 '{"result":"♡"}'
1450987814 '{"result":"♡"}'
1450987816 '{"result":"♡"}'
1450987815 '{"result":"♡"}'
1450987816 '{"result":"♡"}'
1450987816 '{"result":"♡"}'
1450987816 '{"result":"♡"}'
1450987816 '{"result":"♡"}'
1450987817 '{"result":"♡"}'
1450987816 '{"result":"♡"}'
1450987817 '{"result":"♡"}'
1450987817 '{"result":"♡"}'
/home/www/iotupdates/app.js:65
            if (error && response.statusCode !== 200) {
                                 ^

TypeError: Cannot read property 'statusCode' of undefined
    at Request._callback (/home/www/iotupdates/app.js:65:34)
    at self.callback (/home/www/iotupdates/node_modules/request/request.js:198:22)
    at emitOne (events.js:78:13)
    at Request.emit (events.js:170:7)
    at Request.onRequestError (/home/www/iotupdates/node_modules/request/request.js:820:8)
    at emitOne (events.js:78:13)
    at ClientRequest.emit (events.js:170:7)
    at TLSSocket.socketErrorListener (_http_client.js:266:9)
    at emitOne (events.js:78:13)
    at TLSSocket.emit (events.js:170:7)
error: Forever detected script was killed by signal: SIGKILL
error: Script restart attempt #3
module.js:329
    throw err;
    ^

Error: Cannot find module 'request'
    at Function.Module._resolveFilename (module.js:327:15)
    at Function.Module._load (module.js:278:25)
    at Module.require (module.js:355:17)
    at require (internal/module.js:13:17)
    at Object.<anonymous> (/home/www/iotupdates/app.js:1:15)
    at Module._compile (module.js:399:26)
    at Object.Module._extensions..js (module.js:406:10)
    at Module.load (module.js:345:32)
    at Function.Module._load (module.js:302:12)
    at Function.Module.runMain (module.js:431:10)
error: Forever detected script exited with code: 1
