1450986510 '{"result":"♡"}'
1450986510 '{"result":"♡"}'
1450986510 '{"result":"♡"}'
1450986510 '{"result":"♡"}'
1450986510 '{"result":"♡"}'
1450986510 '{"result":"♡"}'
1450986510 '{"result":"♡"}'
1450986510 '{"result":"♡"}'
1450986510 '{"result":"♡"}'
1450986510 '{"result":"♡"}'
1450986510 '{"result":"♡"}'
1450986510 '{"result":"♡"}'
1450986510 '{"result":"♡"}'
1450986510 '{"result":"♡"}'
1450986510 '{"result":"♡"}'
1450986510 '{"result":"♡"}'
1450986510 '{"result":"♡"}'
1450986510 '{"result":"♡"}'
1450986510 '{"result":"♡"}'
1450986510 '{"result":"♡"}'
1450986510 '{"result":"♡"}'
1450986511 '{"result":"♡"}'
1450986511 '{"result":"♡"}'
1450986511 '{"result":"♡"}'
1450986511 '{"result":"♡"}'
1450986511 '{"result":"♡"}'
1450986510 '{"result":"♡"}'
1450986510 '{"result":"♡"}'
1450986510 '{"result":"♡"}'
1450986510 '{"result":"♡"}'
1450986511 '{"result":"♡"}'
1450986511 '{"result":"♡"}'
1450986511 '{"result":"♡"}'
1450986511 '{"result":"♡"}'
1450986511 '{"result":"♡"}'
1450986515 '{"result":"♡"}'
1450986511 '{"result":"♡"}'
1450986513 '{"result":"♡"}'
1450986512 '{"result":"♡"}'
1450986512 '{"result":"♡"}'
1450986513 '{"result":"♡"}'
1450986513 '{"result":"♡"}'
1450986513 '{"result":"♡"}'
1450986513 '{"result":"♡"}'
1450986513 '{"result":"♡"}'
1450986515 '{"result":"♡"}'
1450986515 '{"result":"♡"}'
1450986515 '{"result":"♡"}'
1450986517 '{"result":"♡"}'
1450986517 '{"result":"♡"}'
1450986517 '{"result":"♡"}'
1450986517 '{"result":"♡"}'
1450986517 '{"result":"♡"}'
1450986517 '{"result":"♡"}'
1450986518 '{"result":"♡"}'
1450986518 '{"result":"♡"}'
1450986518 '{"result":"♡"}'
1450986518 '{"result":"♡"}'
1450986518 '{"result":"♡"}'
1450986518 '{"result":"♡"}'
1450986518 '{"result":"♡"}'
1450986519 '{"result":"♡"}'
1450986518 '{"result":"♡"}'
1450986519 '{"result":"♡"}'
1450986519 '{"result":"♡"}'
1450986519 '{"result":"♡"}'
1450986519 '{"result":"♡"}'
1450986519 '{"result":"♡"}'
1450986519 '{"result":"♡"}'
1450986520 '{"result":"♡"}'
1450986520 '{"result":"♡"}'
1450986520 '{"result":"♡"}'
1450986521 '{"result":"♡"}'
1450986521 '{"result":"♡"}'
1450986521 '{"result":"♡"}'
1450986520 '{"result":"♡"}'
1450986521 '{"result":"♡"}'
1450986521 '{"result":"♡"}'
1450986521 '{"result":"♡"}'
1450986521 '{"result":"♡"}'
1450986521 '{"result":"♡"}'
1450986522 '{"result":"♡"}'
1450986522 '{"result":"♡"}'
1450986522 '{"result":"♡"}'
1450986522 '{"result":"♡"}'
1450986522 '{"result":"♡"}'
1450986522 '{"result":"♡"}'
1450986522 '{"result":"♡"}'
1450986523 '{"result":"♡"}'
1450986523 '{"result":"♡"}'
1450986522 '{"result":"♡"}'
1450986523 '{"result":"♡"}'
1450986523 '{"result":"♡"}'
1450986523 '{"result":"♡"}'
1450986524 '{"result":"♡"}'
1450986523 '{"result":"♡"}'
1450986524 '{"result":"♡"}'
1450986524 '{"result":"♡"}'
1450986524 '{"result":"♡"}'
1450986524 '{"result":"♡"}'
1450986524 '{"result":"♡"}'
1450986524 '{"result":"♡"}'
1450986524 '{"result":"♡"}'
1450986525 '{"result":"♡"}'
1450986525 '{"result":"♡"}'
1450986525 '{"result":"♡"}'
1450986525 '{"result":"♡"}'
1450986526 '{"result":"♡"}'
1450986526 '{"result":"♡"}'
1450986526 '{"result":"♡"}'
1450986526 '{"result":"♡"}'
1450986526 '{"result":"♡"}'
1450986526 '{"result":"♡"}'
1450986526 '{"result":"♡"}'
1450986526 '{"result":"♡"}'
1450986526 '{"result":"♡"}'
1450986526 '{"result":"♡"}'
1450986527 '{"result":"♡"}'
1450986527 '{"result":"♡"}'
1450986527 '{"result":"♡"}'
1450986527 '{"result":"♡"}'
1450986527 '{"result":"♡"}'
1450986526 '{"result":"♡"}'
1450986527 '{"result":"♡"}'
1450986527 '{"result":"♡"}'
1450986528 '{"result":"♡"}'
1450986528 '{"result":"♡"}'
1450986528 '{"result":"♡"}'
1450986528 '{"result":"♡"}'
1450986528 '{"result":"♡"}'
1450986528 '{"result":"♡"}'
1450986529 '{"result":"♡"}'
1450986528 '{"result":"♡"}'
1450986530 '{"result":"♡"}'
1450986530 '{"result":"♡"}'
1450986530 '{"result":"♡"}'
1450986530 '{"result":"♡"}'
1450986529 '{"result":"♡"}'
1450986530 '{"result":"♡"}'
1450986530 '{"result":"♡"}'
1450986530 '{"result":"♡"}'
1450986531 '{"result":"♡"}'
1450986531 '{"result":"♡"}'
1450986531 '{"result":"♡"}'
1450986531 '{"result":"♡"}'
1450986531 '{"result":"♡"}'
1450986531 '{"result":"♡"}'
1450986531 '{"result":"♡"}'
1450986531 '{"result":"♡"}'
1450986531 '{"result":"♡"}'
1450986532 '{"result":"♡"}'
1450986532 '{"result":"♡"}'
1450986532 '{"result":"♡"}'
1450986532 '{"result":"♡"}'
1450986532 '{"result":"♡"}'
1450986532 '{"result":"♡"}'
1450986533 '{"result":"♡"}'
1450986533 '{"result":"♡"}'
1450986533 '{"result":"♡"}'
1450986533 '{"result":"♡"}'
1450986533 '{"result":"♡"}'
1450986533 '{"result":"♡"}'
1450986533 '{"result":"♡"}'
1450986533 '{"result":"♡"}'
1450986533 '{"result":"♡"}'
1450986533 '{"result":"♡"}'
1450986534 '{"result":"♡"}'
1450986534 '{"result":"♡"}'
1450986534 '{"result":"♡"}'
1450986534 '{"result":"♡"}'
1450986534 '{"result":"♡"}'
1450986535 '{"result":"♡"}'
1450986535 '{"result":"♡"}'
1450986535 '{"result":"♡"}'
1450986535 '{"result":"♡"}'
1450986535 '{"result":"♡"}'
1450986535 '{"result":"♡"}'
1450986535 '{"result":"♡"}'
1450986535 '{"result":"♡"}'
1450986536 '{"result":"♡"}'
1450986536 '{"result":"♡"}'
1450986536 '{"result":"♡"}'
1450986536 '{"result":"♡"}'
1450986536 '{"result":"♡"}'
1450986537 '{"result":"♡"}'
1450986537 '{"result":"♡"}'
1450986537 '{"result":"♡"}'
1450986538 '{"result":"♡"}'
1450986538 '{"result":"♡"}'
1450986538 '{"result":"♡"}'
1450986538 '{"result":"♡"}'
1450986538 '{"result":"♡"}'
1450986538 '{"result":"♡"}'
1450986538 '{"result":"♡"}'
1450986538 '{"result":"♡"}'
1450986537 '{"result":"♡"}'
1450986539 '{"result":"♡"}'
1450986539 '{"result":"♡"}'
1450986539 '{"result":"♡"}'
1450986539 '{"result":"♡"}'
1450986539 '{"result":"♡"}'
1450986539 '{"result":"♡"}'
1450986539 '{"result":"♡"}'
1450986539 '{"result":"♡"}'
1450986539 '{"result":"♡"}'
1450986539 '{"result":"♡"}'
1450986540 '{"result":"♡"}'
1450986539 '{"result":"♡"}'
1450986540 '{"result":"♡"}'
1450986541 '{"result":"♡"}'
1450986541 '{"result":"♡"}'
1450986541 '{"result":"♡"}'
1450986540 '{"result":"♡"}'
1450986541 '{"result":"♡"}'
1450986541 '{"result":"♡"}'
1450986541 '{"result":"♡"}'
1450986541 '{"result":"♡"}'
1450986542 '{"result":"♡"}'
1450986542 '{"result":"♡"}'
1450986542 '{"result":"♡"}'
1450986542 '{"result":"♡"}'
1450986542 '{"result":"♡"}'
1450986542 '{"result":"♡"}'
1450986542 '{"result":"♡"}'
1450986543 '{"result":"♡"}'
1450986543 '{"result":"♡"}'
1450986543 '{"result":"♡"}'
1450986543 '{"result":"♡"}'
1450986543 '{"result":"♡"}'
1450986543 '{"result":"♡"}'
1450986543 '{"result":"♡"}'
1450986542 '{"result":"♡"}'
1450986543 '{"result":"♡"}'
1450986543 '{"result":"♡"}'
1450986543 '{"result":"♡"}'
1450986543 '{"result":"♡"}'
1450986545 '{"result":"♡"}'
1450986544 '{"result":"♡"}'
1450986545 '{"result":"♡"}'
1450986545 '{"result":"♡"}'
1450986544 '{"result":"♡"}'
1450986545 '{"result":"♡"}'
1450986546 '{"result":"♡"}'
1450986545 '{"result":"♡"}'
1450986546 '{"result":"♡"}'
1450986545 '{"result":"♡"}'
1450986546 '{"result":"♡"}'
1450986546 '{"result":"♡"}'
1450986546 '{"result":"♡"}'
1450986546 '{"result":"♡"}'
1450986546 '{"result":"♡"}'
1450986546 '{"result":"♡"}'
1450986546 '{"result":"♡"}'
1450986546 '{"result":"♡"}'
1450986546 '{"result":"♡"}'
1450986547 '{"result":"♡"}'
1450986547 '{"result":"♡"}'
1450986547 '{"result":"♡"}'
1450986547 '{"result":"♡"}'
1450986547 '{"result":"♡"}'
1450986547 '{"result":"♡"}'
1450986547 '{"result":"♡"}'
1450986547 '{"result":"♡"}'
1450986547 '{"result":"♡"}'
1450986547 '{"result":"♡"}'
1450986547 '{"result":"♡"}'
1450986549 '{"result":"♡"}'
1450986549 '{"result":"♡"}'
1450986547 '{"result":"♡"}'
1450986549 '{"result":"♡"}'
1450986549 '{"result":"♡"}'
1450986549 '{"result":"♡"}'
1450986549 '{"result":"♡"}'
1450986549 '{"result":"♡"}'
1450986549 '{"result":"♡"}'
1450986549 '{"result":"♡"}'
1450986549 '{"result":"♡"}'
1450986550 '{"result":"♡"}'
1450986550 '{"result":"♡"}'
1450986550 '{"result":"♡"}'
1450986550 '{"result":"♡"}'
1450986549 '{"result":"♡"}'
1450986551 '{"result":"♡"}'
1450986551 '{"result":"♡"}'
1450986550 '{"result":"♡"}'
1450986551 '{"result":"♡"}'
1450986551 '{"result":"♡"}'
1450986551 '{"result":"♡"}'
1450986551 '{"result":"♡"}'
1450986551 '{"result":"♡"}'
1450986551 '{"result":"♡"}'
1450986551 '{"result":"♡"}'
1450986552 '{"result":"♡"}'
1450986552 '{"result":"♡"}'
1450986552 '{"result":"♡"}'
1450986552 '{"result":"♡"}'
1450986552 '{"result":"♡"}'
1450986553 '{"result":"♡"}'
1450986553 '{"result":"♡"}'
1450986551 '{"result":"♡"}'
1450986553 '{"result":"♡"}'
1450986553 '{"result":"♡"}'
1450986553 '{"result":"♡"}'
1450986553 '{"result":"♡"}'
1450986553 '{"result":"♡"}'
1450986553 '{"result":"♡"}'
1450986552 '{"result":"♡"}'
1450986554 '{"result":"♡"}'
1450986554 '{"result":"♡"}'
1450986554 '{"result":"♡"}'
1450986554 '{"result":"♡"}'
1450986553 '{"result":"♡"}'
1450986554 '{"result":"♡"}'
1450986554 '{"result":"♡"}'
1450986554 '{"result":"♡"}'
1450986554 '{"result":"♡"}'
1450986554 '{"result":"♡"}'
1450986554 '{"result":"♡"}'
1450986554 '{"result":"♡"}'
1450986554 '{"result":"♡"}'
1450986554 '{"result":"♡"}'
1450986554 '{"result":"♡"}'
1450986554 '{"result":"♡"}'
1450986554 '{"result":"♡"}'
1450986554 '{"result":"♡"}'
1450986554 '{"result":"♡"}'
1450986554 '{"result":"♡"}'
1450986554 '{"result":"♡"}'
1450986554 '{"result":"♡"}'
1450986554 '{"result":"♡"}'
1450986554 '{"result":"♡"}'
1450986557 '{"result":"♡"}'
1450986558 '{"result":"♡"}'
1450986557 '{"result":"♡"}'
1450986558 '{"result":"♡"}'
1450986558 '{"result":"♡"}'
1450986558 '{"result":"♡"}'
1450986558 '{"result":"♡"}'
1450986559 '{"result":"♡"}'
1450986559 '{"result":"♡"}'
1450986558 '{"result":"♡"}'
1450986559 '{"result":"♡"}'
1450986559 '{"result":"♡"}'
1450986559 '{"result":"♡"}'
1450986559 '{"result":"♡"}'
1450986559 '{"result":"♡"}'
1450986560 '{"result":"♡"}'
1450986560 '{"result":"♡"}'
1450986560 '{"result":"♡"}'
1450986560 '{"result":"♡"}'
1450986560 '{"result":"♡"}'
1450986560 '{"result":"♡"}'
1450986560 '{"result":"♡"}'
1450986560 '{"result":"♡"}'
1450986560 '{"result":"♡"}'
1450986560 '{"result":"♡"}'
1450986560 '{"result":"♡"}'
1450986560 '{"result":"♡"}'
1450986560 '{"result":"♡"}'
1450986560 '{"result":"♡"}'
1450986559 '{"result":"♡"}'
1450986560 '{"result":"♡"}'
1450986560 '{"result":"♡"}'
1450986560 '{"result":"♡"}'
1450986561 '{"result":"♡"}'
1450986560 '{"result":"♡"}'
1450986562 '{"result":"♡"}'
1450986562 '{"result":"♡"}'
1450986563 '{"result":"♡"}'
1450986563 '{"result":"♡"}'
1450986562 '{"result":"♡"}'
1450986563 '{"result":"♡"}'
1450986563 '{"result":"♡"}'
1450986563 '{"result":"♡"}'
1450986564 '{"result":"♡"}'
1450986564 '{"result":"♡"}'
1450986564 '{"result":"♡"}'
1450986564 '{"result":"♡"}'
1450986564 '{"result":"♡"}'
1450986564 '{"result":"♡"}'
1450986564 '{"result":"♡"}'
1450986564 '{"result":"♡"}'
1450986564 '{"result":"♡"}'
1450986564 '{"result":"♡"}'
1450986565 '{"result":"♡"}'
1450986565 '{"result":"♡"}'
1450986565 '{"result":"♡"}'
1450986564 '{"result":"♡"}'
1450986565 '{"result":"♡"}'
1450986565 '{"result":"♡"}'
1450986565 '{"result":"♡"}'
1450986565 '{"result":"♡"}'
1450986564 '{"result":"♡"}'
1450986566 '{"result":"♡"}'
1450986566 '{"result":"♡"}'
1450986566 '{"result":"♡"}'
1450986566 '{"result":"♡"}'
1450986566 '{"result":"♡"}'
1450986566 '{"result":"♡"}'
1450986567 '{"result":"♡"}'
1450986567 '{"result":"♡"}'
1450986567 '{"result":"♡"}'
1450986567 '{"result":"♡"}'
1450986567 '{"result":"♡"}'
1450986567 '{"result":"♡"}'
1450986567 '{"result":"♡"}'
1450986568 '{"result":"♡"}'
1450986568 '{"result":"♡"}'
1450986568 '{"result":"♡"}'
1450986568 '{"result":"♡"}'
1450986567 '{"result":"♡"}'
1450986569 '{"result":"♡"}'
1450986569 '{"result":"♡"}'
1450986569 '{"result":"♡"}'
1450986569 '{"result":"♡"}'
1450986569 '{"result":"♡"}'
1450986569 '{"result":"♡"}'
1450986569 '{"result":"♡"}'
1450986569 '{"result":"♡"}'
1450986569 '{"result":"♡"}'
1450986569 '{"result":"♡"}'
1450986569 '{"result":"♡"}'
1450986568 '{"result":"♡"}'
1450986570 '{"result":"♡"}'
1450986570 '{"result":"♡"}'
1450986569 '{"result":"♡"}'
